Loading required package: SeuratObject
Loading required package: sp
‘SeuratObject’ was built with package ‘Matrix’ 1.7.1 but the current
version is 1.7.2; it is recomended that you reinstall ‘SeuratObject’ as
the ABI for ‘Matrix’ may have changed

Attaching package: ‘SeuratObject’

The following objects are masked from ‘package:base’:

    intersect, t


Attaching package: ‘dplyr’

The following object is masked from ‘package:biomaRt’:

    select

The following objects are masked from ‘package:stats’:

    filter, lag

The following objects are masked from ‘package:base’:

    intersect, setdiff, setequal, union

Loading required package: iterators
Loading required package: parallel

Attaching package: ‘purrr’

The following objects are masked from ‘package:foreach’:

    accumulate, when

The following object is masked from ‘package:jsonlite’:

    flatten

Loading required package: BiocGenerics

Attaching package: ‘BiocGenerics’

The following objects are masked from ‘package:dplyr’:

    combine, intersect, setdiff, union

The following object is masked from ‘package:SeuratObject’:

    intersect

The following objects are masked from ‘package:stats’:

    IQR, mad, sd, var, xtabs

The following objects are masked from ‘package:base’:

    anyDuplicated, aperm, append, as.data.frame, basename, cbind,
    colnames, dirname, do.call, duplicated, eval, evalq, Filter, Find,
    get, grep, grepl, intersect, is.unsorted, lapply, Map, mapply,
    match, mget, order, paste, pmax, pmax.int, pmin, pmin.int,
    Position, rank, rbind, Reduce, rownames, sapply, saveRDS, setdiff,
    table, tapply, union, unique, unsplit, which.max, which.min

Welcome to Bioconductor

    Vignettes contain introductory material; view with
    'browseVignettes()'. To cite Bioconductor, see
    'citation("Biobase")', and for packages 'citation("pkgname")'.


Attaching package: ‘data.table’

The following object is masked from ‘package:purrr’:

    transpose

The following objects are masked from ‘package:dplyr’:

    between, first, last

Loading required package: limma

Attaching package: ‘limma’

The following object is masked from ‘package:BiocGenerics’:

    plotMA

Welcome to emmeans.
Caution: You lose important information if you filter this package's results.
See '? untidy'
Welcome to enrichR
Checking connections ... 
Enrichr ... Connection is Live!
FlyEnrichr ... Connection is Live!
WormEnrichr ... Connection is Live!
YeastEnrichr ... Connection is Live!
FishEnrichr ... Connection is Live!
OxEnrichr ... Connection is Live!
Loading required package: annotate
Loading required package: AnnotationDbi
Loading required package: stats4
Loading required package: IRanges
Loading required package: S4Vectors

Attaching package: ‘S4Vectors’

The following objects are masked from ‘package:data.table’:

    first, second

The following objects are masked from ‘package:Matrix’:

    expand, unname

The following objects are masked from ‘package:dplyr’:

    first, rename

The following object is masked from ‘package:utils’:

    findMatches

The following objects are masked from ‘package:base’:

    expand.grid, I, unname


Attaching package: ‘IRanges’

The following object is masked from ‘package:data.table’:

    shift

The following object is masked from ‘package:purrr’:

    reduce

The following objects are masked from ‘package:dplyr’:

    collapse, desc, slice

The following object is masked from ‘package:sp’:

    %over%


Attaching package: ‘AnnotationDbi’

The following object is masked from ‘package:dplyr’:

    select

Loading required package: XML
Loading required package: graph

Attaching package: ‘graph’

The following object is masked from ‘package:XML’:

    addNode

Loading required package: ggplot2

Attaching package: ‘ggpubr’

The following object is masked from ‘package:cowplot’:

    get_legend

Loading required package: Rcpp

Attaching package: ‘kableExtra’

The following object is masked from ‘package:dplyr’:

    group_rows

Loading required package: SingleCellExperiment
Loading required package: SummarizedExperiment
Loading required package: MatrixGenerics
Loading required package: matrixStats

Attaching package: ‘matrixStats’

The following objects are masked from ‘package:Biobase’:

    anyMissing, rowMedians

The following object is masked from ‘package:arsenal’:

    iqr

The following object is masked from ‘package:dplyr’:

    count


Attaching package: ‘MatrixGenerics’

The following objects are masked from ‘package:matrixStats’:

    colAlls, colAnyNAs, colAnys, colAvgsPerRowSet, colCollapse,
    colCounts, colCummaxs, colCummins, colCumprods, colCumsums,
    colDiffs, colIQRDiffs, colIQRs, colLogSumExps, colMadDiffs,
    colMads, colMaxs, colMeans2, colMedians, colMins, colOrderStats,
    colProds, colQuantiles, colRanges, colRanks, colSdDiffs, colSds,
    colSums2, colTabulates, colVarDiffs, colVars, colWeightedMads,
    colWeightedMeans, colWeightedMedians, colWeightedSds,
    colWeightedVars, rowAlls, rowAnyNAs, rowAnys, rowAvgsPerColSet,
    rowCollapse, rowCounts, rowCummaxs, rowCummins, rowCumprods,
    rowCumsums, rowDiffs, rowIQRDiffs, rowIQRs, rowLogSumExps,
    rowMadDiffs, rowMads, rowMaxs, rowMeans2, rowMedians, rowMins,
    rowOrderStats, rowProds, rowQuantiles, rowRanges, rowRanks,
    rowSdDiffs, rowSds, rowSums2, rowTabulates, rowVarDiffs, rowVars,
    rowWeightedMads, rowWeightedMeans, rowWeightedMedians,
    rowWeightedSds, rowWeightedVars

The following object is masked from ‘package:Biobase’:

    rowMedians

Loading required package: GenomicRanges
Loading required package: GenomeInfoDb

Attaching package: ‘SummarizedExperiment’

The following object is masked from ‘package:Seurat’:

    Assays

The following object is masked from ‘package:SeuratObject’:

    Assays


Attaching package: ‘SingleCellExperiment’

The following object is masked from ‘package:edgeR’:

    cpm

Loading required package: registry
Loading required package: rngtools
Loading required package: cluster
NMF - BioConductor layer [OK] | Shared memory capabilities [NO: bigmemory] | Cores 2/2
  To enable shared memory capabilities, try: install.extras('
NMF
')

Attaching package: ‘NMF’

The following object is masked from ‘package:S4Vectors’:

    nrun

The following object is masked from ‘package:future’:

    run

The following object is masked from ‘package:BiocParallel’:

    register


Attaching package: ‘patchwork’

The following object is masked from ‘package:XML’:

    free

The following object is masked from ‘package:cowplot’:

    align_plots


Attaching package: ‘reshape2’

The following objects are masked from ‘package:data.table’:

    dcast, melt


Attaching package: ‘rstatix’

The following object is masked from ‘package:AnnotationDbi’:

    select

The following object is masked from ‘package:IRanges’:

    desc

The following object is masked from ‘package:biomaRt’:

    select

The following object is masked from ‘package:stats’:

    filter

Loading required package: princurve
Loading required package: TrajectoryUtils
── Attaching core tidyverse packages ──────────────────────── tidyverse 2.0.0 ──
✔ forcats   1.0.0     ✔ stringr   1.5.1
✔ lubridate 1.9.3     ✔ tibble    3.2.1
✔ readr     2.1.5     ✔ tidyr     1.3.1
── Conflicts ────────────────────────────────────────── tidyverse_conflicts() ──
✖ lubridate::%within%()    masks IRanges::%within%()
✖ purrr::accumulate()      masks foreach::accumulate()
✖ data.table::between()    masks dplyr::between()
✖ stringr::boundary()      masks graph::boundary()
✖ IRanges::collapse()      masks dplyr::collapse()
✖ Biobase::combine()       masks BiocGenerics::combine(), dplyr::combine()
✖ matrixStats::count()     masks dplyr::count()
✖ rstatix::desc()          masks IRanges::desc(), dplyr::desc()
✖ tidyr::expand()          masks S4Vectors::expand(), Matrix::expand()
✖ rstatix::filter()        masks dplyr::filter(), stats::filter()
✖ S4Vectors::first()       masks data.table::first(), dplyr::first()
✖ purrr::flatten()         masks jsonlite::flatten()
✖ kableExtra::group_rows() masks dplyr::group_rows()
✖ lubridate::hour()        masks data.table::hour()
✖ lubridate::is.Date()     masks arsenal::is.Date()
✖ lubridate::isoweek()     masks data.table::isoweek()
✖ dplyr::lag()             masks stats::lag()
✖ data.table::last()       masks dplyr::last()
✖ lubridate::mday()        masks data.table::mday()
✖ lubridate::minute()      masks data.table::minute()
✖ lubridate::month()       masks data.table::month()
✖ tidyr::pack()            masks Matrix::pack()
✖ ggplot2::Position()      masks BiocGenerics::Position(), base::Position()
✖ lubridate::quarter()     masks data.table::quarter()
✖ GenomicRanges::reduce()  masks IRanges::reduce(), purrr::reduce()
✖ S4Vectors::rename()      masks dplyr::rename()
✖ lubridate::second()      masks S4Vectors::second(), data.table::second()
✖ lubridate::second<-()    masks S4Vectors::second<-()
✖ rstatix::select()        masks AnnotationDbi::select(), dplyr::select(), biomaRt::select()
✖ IRanges::slice()         masks dplyr::slice()
✖ lubridate::stamp()       masks cowplot::stamp()
✖ data.table::transpose()  masks purrr::transpose()
✖ tidyr::unpack()          masks Matrix::unpack()
✖ lubridate::wday()        masks data.table::wday()
✖ lubridate::week()        masks data.table::week()
✖ purrr::when()            masks foreach::when()
✖ lubridate::yday()        masks data.table::yday()
✖ lubridate::year()        masks data.table::year()
ℹ Use the conflicted package (<http://conflicted.r-lib.org/>) to force all conflicts to become errors
Loading required package: SparseM

Attaching package: ‘SparseM’

The following object is masked from ‘package:Matrix’:

    det

Error in `filter()`:
ℹ In argument: `Convergence_Code >= convergence_cut`.
Caused by error:
! object 'Convergence_Code' not found
Backtrace:
     ▆
  1. ├─global process_nebula_results(...)
  2. │ └─... %>% pull(Gene)
  3. ├─dplyr::pull(., Gene)
  4. ├─dplyr::filter(., Convergence_Code >= convergence_cut)
  5. ├─dplyr:::filter.data.frame(., Convergence_Code >= convergence_cut)
  6. │ └─dplyr:::filter_rows(.data, dots, by)
  7. │   └─dplyr:::filter_eval(...)
  8. │     ├─base::withCallingHandlers(...)
  9. │     └─mask$eval_all_filter(dots, env_filter)
 10. │       └─dplyr (local) eval()
 11. └─base::.handleSimpleError(...)
 12.   └─dplyr (local) h(simpleError(msg, call))
 13.     └─rlang::abort(message, class = error_class, parent = parent, call = error_call)
Execution halted
