Loading required package: SeuratObject
Loading required package: sp
‘SeuratObject’ was built with package ‘Matrix’ 1.7.1 but the current
version is 1.7.2; it is recomended that you reinstall ‘SeuratObject’ as
the ABI for ‘Matrix’ may have changed

Attaching package: ‘SeuratObject’

The following objects are masked from ‘package:base’:

    intersect, t


Attaching package: ‘dplyr’

The following object is masked from ‘package:biomaRt’:

    select

The following objects are masked from ‘package:stats’:

    filter, lag

The following objects are masked from ‘package:base’:

    intersect, setdiff, setequal, union

Error in `FetchData()`:
! None of the requested variables were found: 
Backtrace:
     ▆
  1. └─base::tryCatch(...)
  2.   └─base (local) tryCatchList(expr, classes, parentenv, handlers)
  3.     └─base (local) tryCatchOne(expr, names, parentenv, handlers[[1L]])
  4.       └─value[[3L]](cond)
  5.         ├─base::subset(obj, !!sym(celltype_var) == celltype_group_input)
  6.         └─SeuratObject:::subset.Seurat(obj, !!sym(celltype_var) == celltype_group_input)
  7.           ├─SeuratObject::WhichCells(...)
  8.           └─SeuratObject:::WhichCells.Seurat(...)
  9.             ├─SeuratObject::FetchData(...)
 10.             └─SeuratObject:::FetchData.Seurat(...)
 11.               └─rlang::abort(...)
Execution halted
