Working directory: /mmfs1/gscratch/togo/yejichoi/CHCO-Code/Petter Bjornstad/Renal HEIRitage/nebula_parallel
Config file: /mmfs1/gscratch/togo/yejichoi/CHCO-Code/Petter Bjornstad/Renal HEIRitage/nebula_parallel/config/job_config.txt
Starting job 54: nonDKD_100_SGLT2i_Y_vs_HC for Immune_Lymphoid (variable: KPMP_celltype_general2)
Job started at: Fri Dec  5 14:45:38 PST 2025
Starting analysis: nonDKD_100_SGLT2i_Y_vs_HC for cell type: Immune_Lymphoid (using KPMP_celltype_general2) at 2025-12-05 22:45:45.449973
Loading cell type-specific data for Immune_Lymphoid...
Looking for: data_clean/subset/pb90_ckd_analysis/pb90_ckd_analysis_subset_Immune_Lymphoid.rds
List of 4
 $ Code      : chr "NoSuchKey"
 $ BucketName: chr "scrna"
 $ RequestId : chr "tx00000d6845b3abcf4fc95-0069336099-3368366-default"
 $ HostId    : chr "3368366-default-default"
 - attr(*, "headers")=List of 6
  ..$ date            : chr "Fri, 05 Dec 2025 22:45:45 GMT"
  ..$ server          : chr "Apache/2.4.52 (Ubuntu)"
  ..$ content-length  : chr "218"
  ..$ x-amz-request-id: chr "tx00000d6845b3abcf4fc95-0069336099-3368366-default"
  ..$ accept-ranges   : chr "bytes"
  ..$ content-type    : chr "application/xml"
  ..- attr(*, "class")= chr [1:2] "insensitive" "list"
 - attr(*, "class")= chr "aws_error"
 - attr(*, "request_canonical")= chr "GET\n/scrna/data_clean/subset/pb90_ckd_analysis/pb90_ckd_analysis_subset_Immune_Lymphoid.rds\n\nhost:s3.kopah.u"| __truncated__
 - attr(*, "request_string_to_sign")= chr "AWS4-HMAC-SHA256\n20251205T224545Z\n20251205/us-east-1/s3/aws4_request\nbe8e60779ddfdaf625d319a043dfbfa690588ca"| __truncated__
 - attr(*, "request_signature")= chr "AWS4-HMAC-SHA256 Credential=UR9ZLH2V0G61R7MGTNJJ/20251205/us-east-1/s3/aws4_request,SignedHeaders=host;x-amz-co"| __truncated__
NULL
Cell type-specific file not found: data_clean/subset/pb90_ckd_analysis/pb90_ckd_analysis_subset_Immune_Lymphoid.rds
Falling back to loading full dataset and subsetting...
Loaded full dataset with 117859 cells
Subset to Immune_Lymphoid: 3715 cells
Job completed at: Fri Dec  5 14:48:24 PST 2025
