Working directory: /mmfs1/gscratch/togo/yejichoi/CHCO-Code/Petter Bjornstad/Renal HEIRitage/nebula_parallel
Config file: /mmfs1/gscratch/togo/yejichoi/CHCO-Code/Petter Bjornstad/Renal HEIRitage/nebula_parallel/config/job_config.txt
Starting job 36: T2D_GLP_N_vs_HC for CD4+ (variable: T)
Job started at: Wed Jan  7 11:42:50 PST 2026
Starting analysis: T2D_GLP_N_vs_HC for cell type: CD4+ (using T) at 2026-01-07 19:42:56.912509
Loading cell type-specific data for CD4+...
Looking for: data_clean/subset/pb90_ckd_analysis/pb90_ckd_analysis_subset_CD4+.rds
List of 4
 $ Code      : chr "NoSuchKey"
 $ BucketName: chr "scrna"
 $ RequestId : chr "tx0000069f571a4ba1bbbfa-00695eb741-37ba2b3-default"
 $ HostId    : chr "37ba2b3-default-default"
 - attr(*, "headers")=List of 6
  ..$ date            : chr "Wed, 07 Jan 2026 19:42:57 GMT"
  ..$ server          : chr "Apache/2.4.52 (Ubuntu)"
  ..$ content-length  : chr "218"
  ..$ x-amz-request-id: chr "tx0000069f571a4ba1bbbfa-00695eb741-37ba2b3-default"
  ..$ accept-ranges   : chr "bytes"
  ..$ content-type    : chr "application/xml"
  ..- attr(*, "class")= chr [1:2] "insensitive" "list"
 - attr(*, "class")= chr "aws_error"
 - attr(*, "request_canonical")= chr "GET\n/scrna/data_clean/subset/pb90_ckd_analysis/pb90_ckd_analysis_subset_CD4%2B.rds\n\nhost:s3.kopah.uw.edu\nx-"| __truncated__
 - attr(*, "request_string_to_sign")= chr "AWS4-HMAC-SHA256\n20260107T194256Z\n20260107/us-east-1/s3/aws4_request\nc7488ff6960ceba807de55efce676de74cf9de7"| __truncated__
 - attr(*, "request_signature")= chr "AWS4-HMAC-SHA256 Credential=UR9ZLH2V0G61R7MGTNJJ/20260107/us-east-1/s3/aws4_request,SignedHeaders=host;x-amz-co"| __truncated__
NULL
Cell type-specific file not found: data_clean/subset/pb90_ckd_analysis/pb90_ckd_analysis_subset_CD4+.rds
Falling back to loading full dataset and subsetting...
Loaded full dataset with 117859 cells
Job completed at: Wed Jan  7 11:44:27 PST 2026
