Working directory: /mmfs1/gscratch/togo/yejichoi/CHCO-Code/Petter Bjornstad/Renal HEIRitage/nebula_parallel
Config file: /mmfs1/gscratch/togo/yejichoi/CHCO-Code/Petter Bjornstad/Renal HEIRitage/nebula_parallel/config/job_config.txt
Starting job 39: nonDKD_100_GLP_N_vs_HC for Immune_Myeloid (variable: KPMP_celltype_general2)
Job started at: Fri Dec  5 13:46:14 PST 2025
Starting analysis: nonDKD_100_GLP_N_vs_HC for cell type: Immune_Myeloid (using KPMP_celltype_general2) at 2025-12-05 21:46:33.162184
Loading cell type-specific data for Immune_Myeloid...
Looking for: data_clean/subset/pb90_ckd_analysis/pb90_ckd_analysis_subset_Immune_Myeloid.rds
List of 4
 $ Code      : chr "NoSuchKey"
 $ BucketName: chr "scrna"
 $ RequestId : chr "tx00000486d8125f8bf17df-00693352b9-335e22b-default"
 $ HostId    : chr "335e22b-default-default"
 - attr(*, "headers")=List of 6
  ..$ date            : chr "Fri, 05 Dec 2025 21:46:33 GMT"
  ..$ server          : chr "Apache/2.4.52 (Ubuntu)"
  ..$ content-length  : chr "218"
  ..$ x-amz-request-id: chr "tx00000486d8125f8bf17df-00693352b9-335e22b-default"
  ..$ accept-ranges   : chr "bytes"
  ..$ content-type    : chr "application/xml"
  ..- attr(*, "class")= chr [1:2] "insensitive" "list"
 - attr(*, "class")= chr "aws_error"
 - attr(*, "request_canonical")= chr "GET\n/scrna/data_clean/subset/pb90_ckd_analysis/pb90_ckd_analysis_subset_Immune_Myeloid.rds\n\nhost:s3.kopah.uw"| __truncated__
 - attr(*, "request_string_to_sign")= chr "AWS4-HMAC-SHA256\n20251205T214633Z\n20251205/us-east-1/s3/aws4_request\n8baa938a757cc2815079918d30027d5abe2abe3"| __truncated__
 - attr(*, "request_signature")= chr "AWS4-HMAC-SHA256 Credential=UR9ZLH2V0G61R7MGTNJJ/20251205/us-east-1/s3/aws4_request,SignedHeaders=host;x-amz-co"| __truncated__
NULL
Cell type-specific file not found: data_clean/subset/pb90_ckd_analysis/pb90_ckd_analysis_subset_Immune_Myeloid.rds
Falling back to loading full dataset and subsetting...
Loaded full dataset with 117859 cells
Subset to Immune_Myeloid: 2999 cells
             used   (Mb) gc trigger    (Mb)   max used    (Mb)
Ncells   11677904  623.7   17561720   937.9   17561720   937.9
Vcells 1073248259 8188.3 1738180666 13261.3 1397693379 10663.6
Applying subset condition: KPMP_celltype_general2 == 'Immune_Myeloid' & dkd_group_100_hc != 'DKD' & glp_t2dob != 'GLP_Y' & !is.na(dkd_group_100_hc)
Sample counts for Immune_Myeloid:
  dkd_group_100_hc n_samples n_cells
1               HC        12     366
2          non_DKD        19    1210
Running nonDKD_100_GLP_N_vs_HC analysis for Immune_Myeloid...
