Working directory: /mmfs1/gscratch/togo/yejichoi/CHCO-Code/Petter Bjornstad/Renal HEIRitage/nebula_parallel
Config file: /mmfs1/gscratch/togo/yejichoi/CHCO-Code/Petter Bjornstad/Renal HEIRitage/nebula_parallel/config/job_config.txt
Starting job 37: T2D_GLP_N_vs_HC for CD8+ (variable: T)
Job started at: Wed Jan  7 11:43:32 PST 2026
Starting analysis: T2D_GLP_N_vs_HC for cell type: CD8+ (using T) at 2026-01-07 19:43:39.627723
Loading cell type-specific data for CD8+...
Looking for: data_clean/subset/pb90_ckd_analysis/pb90_ckd_analysis_subset_CD8+.rds
List of 4
 $ Code      : chr "NoSuchKey"
 $ BucketName: chr "scrna"
 $ RequestId : chr "tx00000b4b17ff18fca56d7-00695eb76b-37b7bb7-default"
 $ HostId    : chr "37b7bb7-default-default"
 - attr(*, "headers")=List of 6
  ..$ date            : chr "Wed, 07 Jan 2026 19:43:39 GMT"
  ..$ server          : chr "Apache/2.4.52 (Ubuntu)"
  ..$ content-length  : chr "218"
  ..$ x-amz-request-id: chr "tx00000b4b17ff18fca56d7-00695eb76b-37b7bb7-default"
  ..$ accept-ranges   : chr "bytes"
  ..$ content-type    : chr "application/xml"
  ..- attr(*, "class")= chr [1:2] "insensitive" "list"
 - attr(*, "class")= chr "aws_error"
 - attr(*, "request_canonical")= chr "GET\n/scrna/data_clean/subset/pb90_ckd_analysis/pb90_ckd_analysis_subset_CD8%2B.rds\n\nhost:s3.kopah.uw.edu\nx-"| __truncated__
 - attr(*, "request_string_to_sign")= chr "AWS4-HMAC-SHA256\n20260107T194339Z\n20260107/us-east-1/s3/aws4_request\n576d18b1112b4eb6f00a9a17893522b82dca4b6"| __truncated__
 - attr(*, "request_signature")= chr "AWS4-HMAC-SHA256 Credential=UR9ZLH2V0G61R7MGTNJJ/20260107/us-east-1/s3/aws4_request,SignedHeaders=host;x-amz-co"| __truncated__
NULL
Cell type-specific file not found: data_clean/subset/pb90_ckd_analysis/pb90_ckd_analysis_subset_CD8+.rds
Falling back to loading full dataset and subsetting...
Loaded full dataset with 117859 cells
Job completed at: Wed Jan  7 11:45:10 PST 2026
