Working directory: /mmfs1/gscratch/togo/yejichoi/CHCO-Code/Petter Bjornstad/Renal HEIRitage/nebula_parallel
Config file: /mmfs1/gscratch/togo/yejichoi/CHCO-Code/Petter Bjornstad/Renal HEIRitage/nebula_parallel/config/job_config.txt
Starting job 13: T2D_GLP_N_vs_HC for Schwann (variable: KPMP_celltype_general)
Job started at: Wed Jan  7 13:47:24 PST 2026
Starting analysis: T2D_GLP_N_vs_HC for cell type: Schwann (using KPMP_celltype_general) at 2026-01-07 21:47:39.244463
Loading cell type-specific data for Schwann...
Looking for: data_clean/subset/pb90_ckd_analysis/pb90_ckd_analysis_subset_Schwann.rds
Loaded cell type-specific subset with 1853 cells
           used  (Mb) gc trigger  (Mb) max used  (Mb)
Ncells 11526685 615.6   18297527 977.2 18297527 977.2
Vcells 41238504 314.7   63656057 485.7 52807960 402.9
Applying subset condition: KPMP_celltype_general == 'Schwann' & group %in% c('Type_2_Diabetes', 'Lean_Control') & !is.na(glp_t2dob) & glp_t2dob != 'GLP_Y'
Sample counts for Schwann:
  glp_t2dob n_samples n_cells
1        HC         9     117
2     GLP_N        11     437
Running T2D_GLP_N_vs_HC analysis for Schwann...
Error for gene LINC02593: No gene passed the filtering.
Error for gene KLHL17: No gene passed the filtering.
Error for gene AL390719.2: No gene passed the filtering.
Error for gene B3GALT6: No gene passed the filtering.
Error for gene PUSL1: No gene passed the filtering.
Error for gene DVL1: No gene passed the filtering.
Error for gene MXRA8: No gene passed the filtering.
Error for gene MRPL20-AS1: No gene passed the filtering.
Error for gene ANKRD65: No gene passed the filtering.
Error for gene VWA1: No gene passed the filtering.
Error for gene FNDC10: No gene passed the filtering.
Error for gene AL691432.2: No gene passed the filtering.
Error for gene MIB2: No gene passed the filtering.
Error for gene PANK4: No gene passed the filtering.
Error for gene PRXL2B: No gene passed the filtering.
Error for gene MMEL1: No gene passed the filtering.
Error for gene WRAP73: No gene passed the filtering.
Error for gene SMIM1: No gene passed the filtering.
Error for gene C1orf174: No gene passed the filtering.
Error for gene RNF207: No gene passed the filtering.
Error for gene TNFRSF25: No gene passed the filtering.
Error for gene AL109811.2: No gene passed the filtering.
Error for gene SRARP: No gene passed the filtering.
Error for gene HSPB7: No gene passed the filtering.
Error for gene FAM131C: No gene passed the filtering.
Error for gene ARHGEF19: No gene passed the filtering.
Error for gene BX284668.5: No gene passed the filtering.
Error for gene KLHDC7A: No gene passed the filtering.
Error for gene OTUD3: No gene passed the filtering.
Error for gene C1QA: No gene passed the filtering.
Error for gene ZNF436: No gene passed the filtering.
Error for gene ZNF436-AS1: No gene passed the filtering.
Error for gene LDLRAP1: No gene passed the filtering.
Error for gene PIGV: No gene passed the filtering.
Error for gene NR0B2: No gene passed the filtering.
Error for gene AL353622.1: No gene passed the filtering.
Error for gene SNHG3: No gene passed the filtering.
Error for gene TMEM200B: No gene passed the filtering.
Error for gene SDC3: No gene passed the filtering.
Error for gene FAM229A: No gene passed the filtering.
Error for gene NCDN: No gene passed the filtering.
Error for gene C1orf216: No gene passed the filtering.
Error for gene YRDC: No gene passed the filtering.
Error for gene AL050341.2: No gene passed the filtering.
Error for gene NFYC-AS1: No gene passed the filtering.
Error for gene CITED4: No gene passed the filtering.
Error for gene TMEM125: No gene passed the filtering.
Error for gene C1orf210: No gene passed the filtering.
Error for gene MED8: No gene passed the filtering.
Error for gene HECTD3: No gene passed the filtering.
Error for gene TOE1: No gene passed the filtering.
Error for gene MOB3C: No gene passed the filtering.
Error for gene BEND5: No gene passed the filtering.
Error for gene KTI12: No gene passed the filtering.
Error for gene GPX7: No gene passed the filtering.
Error for gene PARS2: No gene passed the filtering.
Error for gene AC099791.2: No gene passed the filtering.
Error for gene DIRAS3: No gene passed the filtering.
Error for gene AL031429.2: No gene passed the filtering.
Error for gene AC103591.3: No gene passed the filtering.
Error for gene AL359504.2: No gene passed the filtering.
Error for gene CCN1: No gene passed the filtering.
Error for gene RBMXL1: No gene passed the filtering.
Error for gene LRRC8C-DT: No gene passed the filtering.
Error for gene AC099568.2: No gene passed the filtering.
Error for gene F3: No gene passed the filtering.
Error for gene AC105942.1: No gene passed the filtering.
Error for gene VCAM1: No gene passed the filtering.
Error for gene PRMT6: No gene passed the filtering.
Error for gene HENMT1: No gene passed the filtering.
Error for gene CLCC1: No gene passed the filtering.
Error for gene TMEM167B: No gene passed the filtering.
Error for gene CYB561D1: No gene passed the filtering.
Error for gene AMIGO1: No gene passed the filtering.
Error for gene RBM15: No gene passed the filtering.
Error for gene CD53: No gene passed the filtering.
Error for gene PIFO: No gene passed the filtering.
Error for gene WDR77: No gene passed the filtering.
Error for gene C1orf162: No gene passed the filtering.
Error for gene DDX20: No gene passed the filtering.
Error for gene AP4B1: No gene passed the filtering.
Error for gene MAB21L3: No gene passed the filtering.
Error for gene LINC02591: No gene passed the filtering.
Error for gene AC245407.2: No gene passed the filtering.
Error for gene AC241644.2: No gene passed the filtering.
Error for gene NBPF19: No gene passed the filtering.
Error for gene HIST2H2AA4: No gene passed the filtering.
Error for gene HIST2H2AC: No gene passed the filtering.
Error for gene MTMR11: No gene passed the filtering.
Error for gene CIART: No gene passed the filtering.
Error for gene CTSK: No gene passed the filtering.
Error for gene LYSMD1: No gene passed the filtering.
Error for gene ZNF687: No gene passed the filtering.
Error for gene RFX5: No gene passed the filtering.
Error for gene TUFT1: No gene passed the filtering.
Error for gene SNAPIN: No gene passed the filtering.
Error for gene CREB3L4: No gene passed the filtering.
Error for gene UBE2Q1: No gene passed the filtering.
Error for gene PYGO2: No gene passed the filtering.
Error for gene AL451085.2: No gene passed the filtering.
Error for gene ZBTB7B: No gene passed the filtering.
Error for gene BGLAP: No gene passed the filtering.
Error for gene CRABP2: No gene passed the filtering.
Error for gene VANGL2: No gene passed the filtering.
Error for gene CD48: No gene passed the filtering.
Error for gene ITLN1: No gene passed the filtering.
Error for gene NECTIN4: No gene passed the filtering.
Error for gene NIT1: No gene passed the filtering.
Error for gene B4GALT3: No gene passed the filtering.
Error for gene FCER1G: No gene passed the filtering.
Error for gene TOMM40L: No gene passed the filtering.
Error for gene FCGR3A: No gene passed the filtering.
Error for gene FCRLB: No gene passed the filtering.
Error for gene C1orf226: No gene passed the filtering.
Error for gene AL031726.1: No gene passed the filtering.
Error for gene METTL18: No gene passed the filtering.
Error for gene GORAB: No gene passed the filtering.
Error for gene RGS16: No gene passed the filtering.
Error for gene RGS2: No gene passed the filtering.
Error for gene C1orf53: No gene passed the filtering.
Error for gene ATP6V1G3: No gene passed the filtering.
Error for gene AL591895.1: No gene passed the filtering.
Error for gene PYCR2: No gene passed the filtering.
Error for gene AL359704.3: No gene passed the filtering.
Error for gene JMJD4: No gene passed the filtering.
Error for gene TRIM11: No gene passed the filtering.
Error for gene FAM89A: No gene passed the filtering.
Error for gene EXOC8: No gene passed the filtering.
Error for gene COA6-AS1: No gene passed the filtering.
Error for gene GGPS1: No gene passed the filtering.
Error for gene LINC01139: No gene passed the filtering.
Error for gene CHML: No gene passed the filtering.
Error for gene AL390728.6: No gene passed the filtering.
Error for gene PGBD2: No gene passed the filtering.
Error for gene FAM110C: No gene passed the filtering.
Error for gene AC108488.1: No gene passed the filtering.
Error for gene AC010969.2: No gene passed the filtering.
Error for gene AC104794.3: No gene passed the filtering.
Error for gene AC104794.5: No gene passed the filtering.
Error for gene TTC32: No gene passed the filtering.
Error for gene GDF7: No gene passed the filtering.
Error for gene WDCP: No gene passed the filtering.
Error for gene PTRHD1: No gene passed the filtering.
Error for gene POMC: No gene passed the filtering.
Error for gene SLC35F6: No gene passed the filtering.
Error for gene EMILIN1: No gene passed the filtering.
Error for gene PREB: No gene passed the filtering.
Error for gene ZNF513: No gene passed the filtering.
Error for gene KRTCAP3: No gene passed the filtering.
Error for gene CCDC121: No gene passed the filtering.
Error for gene MEMO1: No gene passed the filtering.
Error for gene AL121658.1: No gene passed the filtering.
Error for gene SOCS5: No gene passed the filtering.
Error for gene STON1: No gene passed the filtering.
Error for gene AC016747.1: No gene passed the filtering.
Error for gene LGALSL: No gene passed the filtering.
Error for gene ATP6V1B1: No gene passed the filtering.
Error for gene SPR: No gene passed the filtering.
Error for gene INO80B: No gene passed the filtering.
Error for gene MRPL53: No gene passed the filtering.
Error for gene ZNF514: No gene passed the filtering.
Error for gene FAHD2A: No gene passed the filtering.
Error for gene DUSP2: No gene passed the filtering.
Error for gene ANKRD39: No gene passed the filtering.
Error for gene SEMA4C: No gene passed the filtering.
Error for gene LIPT1: No gene passed the filtering.
Error for gene MRPL30: No gene passed the filtering.
Error for gene SOWAHC: No gene passed the filtering.
Error for gene TMEM185B: No gene passed the filtering.
Error for gene SFT2D3: No gene passed the filtering.
Error for gene CCDC74B: No gene passed the filtering.
Error for gene CCDC74A: No gene passed the filtering.
Error for gene CXCR4: No gene passed the filtering.
Error for gene AC097448.1: No gene passed the filtering.
Error for gene PHOSPHO2: No gene passed the filtering.
Error for gene HOXD11: No gene passed the filtering.
Error for gene HOXD4: No gene passed the filtering.
Error for gene HAGLROS: No gene passed the filtering.
Error for gene HOXD1: No gene passed the filtering.
Error for gene TTC30B: No gene passed the filtering.
Error for gene TTC30A: No gene passed the filtering.
Error for gene DUSP19: No gene passed the filtering.
Error for gene NABP1: No gene passed the filtering.
Error for gene CAVIN2: No gene passed the filtering.
Error for gene FZD7: No gene passed the filtering.
Error for gene AC007383.2: No gene passed the filtering.
Error for gene LINC01802: No gene passed the filtering.
Error for gene FZD5: No gene passed the filtering.
Error for gene AC010136.1: No gene passed the filtering.
Error for gene STK36: No gene passed the filtering.
Error for gene ANKZF1: No gene passed the filtering.
Error for gene TIGD1: No gene passed the filtering.
Error for gene KCNJ13: No gene passed the filtering.
Error for gene ARL4C: No gene passed the filtering.
Error for gene ACKR3: No gene passed the filtering.
Error for gene ASB1: No gene passed the filtering.
Error for gene HDAC4-AS1: No gene passed the filtering.
Error for gene BOK: No gene passed the filtering.
Error for gene SETMAR: No gene passed the filtering.
Error for gene EGOT: No gene passed the filtering.
Error for gene BHLHE40: No gene passed the filtering.
Error for gene BRPF1: No gene passed the filtering.
Error for gene PRRT3: No gene passed the filtering.
Error for gene CHCHD4: No gene passed the filtering.
Error for gene DPH3: No gene passed the filtering.
Error for gene SATB1: No gene passed the filtering.
Error for gene OXSM: No gene passed the filtering.
Error for gene AC112220.2: No gene passed the filtering.
Error for gene MYD88: No gene passed the filtering.
Error for gene GORASP1: No gene passed the filtering.
Error for gene CSRNP1: No gene passed the filtering.
Error for gene CX3CR1: No gene passed the filtering.
Error for gene ZBTB47: No gene passed the filtering.
Error for gene ZNF662: No gene passed the filtering.
Error for gene POMGNT2: No gene passed the filtering.
Error for gene ZNF502: No gene passed the filtering.
Error for gene CLEC3B: No gene passed the filtering.
Error for gene TMEM158: No gene passed the filtering.
Error for gene TDGF1: No gene passed the filtering.
Error for gene CCDC51: No gene passed the filtering.
Error for gene SLC26A6: No gene passed the filtering.
Error for gene USP19: No gene passed the filtering.
Error for gene CCDC71: No gene passed the filtering.
Error for gene KLHDC8B: No gene passed the filtering.
Error for gene NICN1: No gene passed the filtering.
Error for gene RNF123: No gene passed the filtering.
Error for gene GMPPB: No gene passed the filtering.
Error for gene UBA7: No gene passed the filtering.
Error for gene SEMA3B-AS1: No gene passed the filtering.
Error for gene NAA80: No gene passed the filtering.
Error for gene NPRL2: No gene passed the filtering.
Error for gene TMEM115: No gene passed the filtering.
Error for gene CYB561D2.1: No gene passed the filtering.
Error for gene CISH: No gene passed the filtering.
Error for gene PARP3: No gene passed the filtering.
Error for gene DUSP7: No gene passed the filtering.
Error for gene PPM1M: No gene passed the filtering.
Error for gene BAP1: No gene passed the filtering.
Error for gene ACTR8: No gene passed the filtering.
Error for gene KCTD6: No gene passed the filtering.
Error for gene PSMD6: No gene passed the filtering.
Error for gene NFKBIZ: No gene passed the filtering.
Error for gene ZDHHC23: No gene passed the filtering.
Error for gene ZBTB20-AS2: No gene passed the filtering.
Error for gene ABTB1: No gene passed the filtering.
Error for gene AC108673.3: No gene passed the filtering.
Error for gene DBR1: No gene passed the filtering.
Error for gene AC026304.1: No gene passed the filtering.
Error for gene CHST2: No gene passed the filtering.
Error for gene ERICH6-AS1: No gene passed the filtering.
Error for gene P2RY13: No gene passed the filtering.
Error for gene SUCNR1: No gene passed the filtering.
Error for gene RAP2B: No gene passed the filtering.
Error for gene ABCF3: No gene passed the filtering.
Error for gene EPHB3: No gene passed the filtering.
Error for gene TMEM207: No gene passed the filtering.
Error for gene TMEM44-AS1: No gene passed the filtering.
Error for gene MYL5: No gene passed the filtering.
Error for gene SLC49A3: No gene passed the filtering.
Error for gene UVSSA: No gene passed the filtering.
Error for gene HAUS3: No gene passed the filtering.
Error for gene ADRA2C: No gene passed the filtering.
Error for gene AC093323.1: No gene passed the filtering.
Error for gene AC097382.3: No gene passed the filtering.
Error for gene AC104825.1: No gene passed the filtering.
Error for gene SEPSECS-AS1: No gene passed the filtering.
Error for gene STIM2-AS1: No gene passed the filtering.
Error for gene RASL11B: No gene passed the filtering.
Error for gene ODAM: No gene passed the filtering.
Error for gene ENAM: No gene passed the filtering.
Error for gene DCK: No gene passed the filtering.
Error for gene THAP9: No gene passed the filtering.
Error for gene NAP1L5: No gene passed the filtering.
Error for gene FAM13A-AS1: No gene passed the filtering.
Error for gene ADH6: No gene passed the filtering.
Error for gene ADH1C: No gene passed the filtering.
Error for gene C4orf54: No gene passed the filtering.
Error for gene AP001816.1: No gene passed the filtering.
Error for gene TRAM1L1: No gene passed the filtering.
Error for gene EXOSC9: No gene passed the filtering.
Error for gene HHIP-AS1: No gene passed the filtering.
Error for gene AC104083.1: No gene passed the filtering.
Error for gene SAP30: No gene passed the filtering.
Error for gene CDKN2AIP: No gene passed the filtering.
Error for gene TPPP: No gene passed the filtering.
Error for gene IRX2: No gene passed the filtering.
Error for gene AC022424.1: No gene passed the filtering.
Error for gene C5orf49: No gene passed the filtering.
Error for gene FASTKD3: No gene passed the filtering.
Error for gene ATPSCKMT: No gene passed the filtering.
Error for gene C1QTNF3: No gene passed the filtering.
Error for gene UGT3A1: No gene passed the filtering.
Error for gene AC025449.2: No gene passed the filtering.
Error for gene C5orf51: No gene passed the filtering.
Error for gene FBXO4: No gene passed the filtering.
Error for gene ANXA2R: No gene passed the filtering.
Error for gene MRPS30: No gene passed the filtering.
Error for gene EMB: No gene passed the filtering.
Error for gene CCNO: No gene passed the filtering.
Error for gene LINC01948: No gene passed the filtering.
Error for gene SETD9: No gene passed the filtering.
Error for gene PLK2: No gene passed the filtering.
Error for gene SMN1: No gene passed the filtering.
Error for gene FOXD1: No gene passed the filtering.
Error for gene MTX3: No gene passed the filtering.
Error for gene RIOK2: No gene passed the filtering.
Error for gene RGMB-AS1: No gene passed the filtering.
Error for gene STARD4: No gene passed the filtering.
Error for gene FEM1C: No gene passed the filtering.
Error for gene TICAM2: No gene passed the filtering.
Error for gene AC010226.1: No gene passed the filtering.
Error for gene PDLIM4: No gene passed the filtering.
Error for gene CCNI2: No gene passed the filtering.
Error for gene SOWAHA: No gene passed the filtering.
Error for gene SHROOM1: No gene passed the filtering.
Error for gene AC008608.2: No gene passed the filtering.
Error for gene EGR1: No gene passed the filtering.
Error for gene MATR3.1: No gene passed the filtering.
Error for gene TMEM173: No gene passed the filtering.
Error for gene HBEGF: No gene passed the filtering.
Error for gene EIF4EBP3: No gene passed the filtering.
Error for gene APBB3: No gene passed the filtering.
Error for gene CD14: No gene passed the filtering.
Error for gene TMCO6: No gene passed the filtering.
Error for gene WDR55: No gene passed the filtering.
Error for gene PCDHB14: No gene passed the filtering.
Error for gene PCDHGA10: No gene passed the filtering.
Error for gene FCHSD1: No gene passed the filtering.
Error for gene SPRY4: No gene passed the filtering.
Error for gene GRPEL2: No gene passed the filtering.
Error for gene SMIM3: No gene passed the filtering.
Error for gene ZNF300: No gene passed the filtering.
Error for gene SAP30L: No gene passed the filtering.
Error for gene FOXI1: No gene passed the filtering.
Error for gene LINC01187: No gene passed the filtering.
Error for gene BOD1: No gene passed the filtering.
Error for gene NOP16: No gene passed the filtering.
Error for gene RNF44: No gene passed the filtering.
Error for gene RAB24: No gene passed the filtering.
Error for gene DDX41: No gene passed the filtering.
Error for gene B4GALT7: No gene passed the filtering.
Error for gene N4BP3: No gene passed the filtering.
Error for gene LTC4S: No gene passed the filtering.
Error for gene AC008443.5: No gene passed the filtering.
Error for gene TRIM7: No gene passed the filtering.
Error for gene TRIM52: No gene passed the filtering.
Error for gene TRIM52-AS1: No gene passed the filtering.
Error for gene FOXQ1: No gene passed the filtering.
Error for gene TUBB2B: No gene passed the filtering.
Error for gene TFAP2A: No gene passed the filtering.
Error for gene AL157373.2: No gene passed the filtering.
Error for gene EDN1: No gene passed the filtering.
Error for gene TBC1D7: No gene passed the filtering.
Error for gene FAM8A1: No gene passed the filtering.
Error for gene HFE: No gene passed the filtering.
Error for gene HIST1H1E: No gene passed the filtering.
Error for gene BTN3A3: No gene passed the filtering.
Error for gene ABT1: No gene passed the filtering.
Error for gene PRSS16: No gene passed the filtering.
Error for gene AL121944.1: No gene passed the filtering.
Error for gene UBD: No gene passed the filtering.
Error for gene NRM: No gene passed the filtering.
Error for gene GTF2H4: No gene passed the filtering.
Error for gene TCF19: No gene passed the filtering.
Error for gene MICA: No gene passed the filtering.
Error for gene MCCD1: No gene passed the filtering.
Error for gene LTB: No gene passed the filtering.
Error for gene LST1: No gene passed the filtering.
Error for gene AIF1: No gene passed the filtering.
Error for gene CFB: No gene passed the filtering.
Error for gene DXO: No gene passed the filtering.
Error for gene PRRT1: No gene passed the filtering.
Error for gene EGFL8: No gene passed the filtering.
Error for gene GPSM3: No gene passed the filtering.
Error for gene HLA-DQA1: No gene passed the filtering.
Error for gene HLA-DQB1: No gene passed the filtering.
Error for gene PSMB8-AS1: No gene passed the filtering.
Error for gene TAP1: No gene passed the filtering.
Error for gene HLA-DOA: No gene passed the filtering.
Error for gene HLA-DPA1: No gene passed the filtering.
Error for gene ZBTB22: No gene passed the filtering.
Error for gene DAXX: No gene passed the filtering.
Error for gene BAK1: No gene passed the filtering.
Error for gene HMGA1: No gene passed the filtering.
Error for gene SMIM29: No gene passed the filtering.
Error for gene AL451165.2: No gene passed the filtering.
Error for gene PIM1: No gene passed the filtering.
Error for gene UNC5CL: No gene passed the filtering.
Error for gene TBCC: No gene passed the filtering.
Error for gene C6orf226: No gene passed the filtering.
Error for gene SLC35B2: No gene passed the filtering.
Error for gene NFKBIE: No gene passed the filtering.
Error for gene AL355353.1: No gene passed the filtering.
Error for gene AL021368.2: No gene passed the filtering.
Error for gene AL391840.3: No gene passed the filtering.
Error for gene MRAP2: No gene passed the filtering.
Error for gene MANEA-DT: No gene passed the filtering.
Error for gene SMPD2: No gene passed the filtering.
Error for gene ZBTB24: No gene passed the filtering.
Error for gene CALHM6: No gene passed the filtering.
Error for gene FAM162B: No gene passed the filtering.
Error for gene GPRC6A: No gene passed the filtering.
Error for gene CCN2: No gene passed the filtering.
Error for gene FBXO30: No gene passed the filtering.
Error for gene CAHM: No gene passed the filtering.
Error for gene AFDN-DT: No gene passed the filtering.
Error for gene AC147651.1: No gene passed the filtering.
Error for gene AC147651.2: No gene passed the filtering.
Error for gene NUDT1: No gene passed the filtering.
Error for gene AC092171.4: No gene passed the filtering.
Error for gene AC007009.1: No gene passed the filtering.
Error for gene ARL4A: No gene passed the filtering.
Error for gene TSPAN13: No gene passed the filtering.
Error for gene TWISTNB: No gene passed the filtering.
Error for gene AC005083.1: No gene passed the filtering.
Error for gene AC004130.2: No gene passed the filtering.
Error for gene AC005082.1: No gene passed the filtering.
Error for gene FAM221A: No gene passed the filtering.
Error for gene HOXA4: No gene passed the filtering.
Error for gene TRIL: No gene passed the filtering.
Error for gene PRR15: No gene passed the filtering.
Error for gene TRGC2: No gene passed the filtering.
Error for gene TRGC1: No gene passed the filtering.
Error for gene C7orf25: No gene passed the filtering.
Error for gene YKT6: No gene passed the filtering.
Error for gene HUS1: No gene passed the filtering.
Error for gene NUPR2: No gene passed the filtering.
Error for gene ERV3-1: No gene passed the filtering.
Error for gene ZNF92: No gene passed the filtering.
Error for gene AC008267.5: No gene passed the filtering.
Error for gene VPS37D: No gene passed the filtering.
Error for gene PEG10: No gene passed the filtering.
Error for gene TAF6: No gene passed the filtering.
Error for gene MAP11: No gene passed the filtering.
Error for gene MEPCE: No gene passed the filtering.
Error for gene SAP25: No gene passed the filtering.
Error for gene LRCH4: No gene passed the filtering.
Error for gene POP7: No gene passed the filtering.
Error for gene LRWD1: No gene passed the filtering.
Error for gene CCDC71L: No gene passed the filtering.
Error for gene AC006333.2: No gene passed the filtering.
Error for gene IMPDH1: No gene passed the filtering.
Error for gene HILPDA: No gene passed the filtering.
Error for gene IRF5: No gene passed the filtering.
Error for gene AC078846.1: No gene passed the filtering.
Error for gene AUXG01000058.1: No gene passed the filtering.
Error for gene AC016831.5: No gene passed the filtering.
Error for gene BPGM: No gene passed the filtering.
Error for gene AC083862.3: No gene passed the filtering.
Error for gene AC083880.1: No gene passed the filtering.
Error for gene KDM7A-DT: No gene passed the filtering.
Error for gene AC004918.1: No gene passed the filtering.
Error for gene TRBC2: No gene passed the filtering.
Error for gene EPHB6: No gene passed the filtering.
Error for gene TRPV6: No gene passed the filtering.
Error for gene CASP2: No gene passed the filtering.
Error for gene AC093673.1: No gene passed the filtering.
Error for gene ZNF746: No gene passed the filtering.
Error for gene ATP6V0E2-AS1: No gene passed the filtering.
Error for gene AC073111.4: No gene passed the filtering.
Error for gene GIMAP2: No gene passed the filtering.
Error for gene GIMAP5: No gene passed the filtering.
Error for gene CDK5: No gene passed the filtering.
Error for gene TMUB1: No gene passed the filtering.
Error for gene CHPF2: No gene passed the filtering.
Error for gene AC093583.1: No gene passed the filtering.
Error for gene PRKAG2-AS1: No gene passed the filtering.
Error for gene LINC01003: No gene passed the filtering.
Error for gene AC009403.1: No gene passed the filtering.
Error for gene AC019257.1: No gene passed the filtering.
Error for gene AC016065.1: No gene passed the filtering.
Error for gene CLDN23: No gene passed the filtering.
Error for gene AC124242.1: No gene passed the filtering.
Error for gene DOK2: No gene passed the filtering.
Error for gene REEP4: No gene passed the filtering.
Error for gene POLR3D: No gene passed the filtering.
Error for gene C8orf58: No gene passed the filtering.
Error for gene CHMP7: No gene passed the filtering.
Error for gene ZNF395: No gene passed the filtering.
Error for gene BRF2: No gene passed the filtering.
Error for gene AC090152.1: No gene passed the filtering.
Error for gene YTHDF3-AS1: No gene passed the filtering.
Error for gene MSC: No gene passed the filtering.
Error for gene TMEM70: No gene passed the filtering.
Error for gene C8orf37: No gene passed the filtering.
Error for gene KLF10: No gene passed the filtering.
Error for gene AC027031.2: No gene passed the filtering.
Error for gene CCN3: No gene passed the filtering.
Error for gene AC104958.2: No gene passed the filtering.
Error for gene TRIB1: No gene passed the filtering.
Error for gene MYC: No gene passed the filtering.
Error for gene AC083843.3: No gene passed the filtering.
Error for gene CHRAC1: No gene passed the filtering.
Error for gene LY6K: No gene passed the filtering.
Error for gene PYCR3: No gene passed the filtering.
Error for gene TSTA3: No gene passed the filtering.
Error for gene MAPK15: No gene passed the filtering.
Error for gene FAM83H: No gene passed the filtering.
Error for gene NRBP2: No gene passed the filtering.
Error for gene EPPK1: No gene passed the filtering.
Error for gene OPLAH: No gene passed the filtering.
Error for gene EXOSC4: No gene passed the filtering.
Error for gene HGH1: No gene passed the filtering.
Error for gene SLC52A2: No gene passed the filtering.
Error for gene FBXL6: No gene passed the filtering.
Error for gene LRRC14: No gene passed the filtering.
Error for gene LRRC24: No gene passed the filtering.
Error for gene LINC01230: No gene passed the filtering.
Error for gene DMRT2: No gene passed the filtering.
Error for gene RLN2: No gene passed the filtering.
Error for gene AL158206.1: No gene passed the filtering.
Error for gene DMRTA1: No gene passed the filtering.
Error for gene NOL6: No gene passed the filtering.
Error for gene SIGMAR1: No gene passed the filtering.
Error for gene IL11RA: No gene passed the filtering.
Error for gene AL162231.1: No gene passed the filtering.
Error for gene PIGO: No gene passed the filtering.
Error for gene FAM214B: No gene passed the filtering.
Error for gene SIT1: No gene passed the filtering.
Error for gene RGP1: No gene passed the filtering.
Error for gene TMEM8B: No gene passed the filtering.
Error for gene ALDH1B1: No gene passed the filtering.
Error for gene BX664615.2: No gene passed the filtering.
Error for gene CBWD3: No gene passed the filtering.
Error for gene C9orf40: No gene passed the filtering.
Error for gene GAS1: No gene passed the filtering.
Error for gene CKS2: No gene passed the filtering.
Error for gene GADD45G: No gene passed the filtering.
Error for gene ALG2: No gene passed the filtering.
Error for gene ZNF189: No gene passed the filtering.
Error for gene NIPSNAP3B: No gene passed the filtering.
Error for gene KLF4: No gene passed the filtering.
Error for gene AL138756.1: No gene passed the filtering.
Error for gene POLE3: No gene passed the filtering.
Error for gene ZBTB6: No gene passed the filtering.
Error for gene TOR2A: No gene passed the filtering.
Error for gene NAIF1: No gene passed the filtering.
Error for gene SLC25A25-AS1: No gene passed the filtering.
Error for gene AL441992.1: No gene passed the filtering.
Error for gene DOLK: No gene passed the filtering.
Error for gene DOLPP1: No gene passed the filtering.
Error for gene ASB6: No gene passed the filtering.
Error for gene CACFD1: No gene passed the filtering.
Error for gene PPP1R26: No gene passed the filtering.
Error for gene C9orf116: No gene passed the filtering.
Error for gene TMEM250: No gene passed the filtering.
Error for gene GPSM1: No gene passed the filtering.
Error for gene DNLZ: No gene passed the filtering.
Error for gene INPP5E: No gene passed the filtering.
Error for gene AJM1: No gene passed the filtering.
Error for gene MAMDC4: No gene passed the filtering.
Error for gene LCN12: No gene passed the filtering.
Error for gene CLIC3: No gene passed the filtering.
Error for gene UAP1L1: No gene passed the filtering.
Error for gene ANAPC2: No gene passed the filtering.
Error for gene BX255925.3: No gene passed the filtering.
Error for gene RNF208: No gene passed the filtering.
Error for gene TOR4A: No gene passed the filtering.
Error for gene NRARP: No gene passed the filtering.
Error for gene NSMF: No gene passed the filtering.
Error for gene ZMYND19: No gene passed the filtering.
Error for gene AL139280.1: No gene passed the filtering.
Error for gene GATA3-AS1: No gene passed the filtering.
Error for gene AL390294.1: No gene passed the filtering.
Error for gene HSPA14: No gene passed the filtering.
Error for gene NEBL-AS1: No gene passed the filtering.
Error for gene COMMD3: No gene passed the filtering.
Error for gene FZD8: No gene passed the filtering.
Error for gene DEPP1: No gene passed the filtering.
Error for gene GPRIN2: No gene passed the filtering.
Error for gene PTPN20: No gene passed the filtering.
Error for gene CSTF2T: No gene passed the filtering.
Error for gene ZWINT: No gene passed the filtering.
Error for gene CDK1: No gene passed the filtering.
Error for gene ADO: No gene passed the filtering.
Error for gene TYSND1: No gene passed the filtering.
Error for gene DDIT4: No gene passed the filtering.
Error for gene AC010997.5: No gene passed the filtering.
Error for gene AL135925.1: No gene passed the filtering.
Error for gene SNCG: No gene passed the filtering.
Error for gene LINC00863: No gene passed the filtering.
Error for gene IFIT5: No gene passed the filtering.
Error for gene PPP1R3C: No gene passed the filtering.
Error for gene FRAT2: No gene passed the filtering.
Error for gene MARVELD1: No gene passed the filtering.
Error for gene PYROXD2: No gene passed the filtering.
Error for gene SFXN3: No gene passed the filtering.
Error for gene POLL: No gene passed the filtering.
Error for gene NPM3: No gene passed the filtering.
Error for gene HPS6: No gene passed the filtering.
Error for gene NOLC1: No gene passed the filtering.
Error for gene NFKB2: No gene passed the filtering.
Error for gene SFR1: No gene passed the filtering.
Error for gene AL158212.3: No gene passed the filtering.
Error for gene ADRB1: No gene passed the filtering.
Error for gene FAM24B: No gene passed the filtering.
Error for gene C10orf88: No gene passed the filtering.
Error for gene HMX2: No gene passed the filtering.
Error for gene FOXI2: No gene passed the filtering.
Error for gene FUOM: No gene passed the filtering.
Error for gene IFITM1: No gene passed the filtering.
Error for gene PKP3: No gene passed the filtering.
Error for gene AP006284.1: No gene passed the filtering.
Error for gene MIR210HG: No gene passed the filtering.
Error for gene SLC25A22: No gene passed the filtering.
Error for gene CRACR2B: No gene passed the filtering.
Error for gene TOLLIP-AS1: No gene passed the filtering.
Error for gene DUSP8: No gene passed the filtering.
Error for gene ASCL2: No gene passed the filtering.
Error for gene PHLDA2: No gene passed the filtering.
Error for gene AC127526.5: No gene passed the filtering.
Error for gene TRIM21: No gene passed the filtering.
Error for gene TRIM68: No gene passed the filtering.
Error for gene TIMM10B: No gene passed the filtering.
Error for gene RRP8: No gene passed the filtering.
Error for gene OVCH2: No gene passed the filtering.
Error for gene AC104237.2: No gene passed the filtering.
Error for gene AC104237.3: No gene passed the filtering.
Error for gene ADM: No gene passed the filtering.
Error for gene AC104031.1: No gene passed the filtering.
Error for gene RASSF10: No gene passed the filtering.
Error for gene CALCA: No gene passed the filtering.
Error for gene FANCF: No gene passed the filtering.
Error for gene FIBIN: No gene passed the filtering.
Error for gene COMMD9: No gene passed the filtering.
Error for gene C11orf96: No gene passed the filtering.
Error for gene LINC02696: No gene passed the filtering.
Error for gene SLC35C1: No gene passed the filtering.
Error for gene MDK: No gene passed the filtering.
Error for gene PACSIN3: No gene passed the filtering.
Error for gene C1QTNF4: No gene passed the filtering.
Error for gene SSRP1: No gene passed the filtering.
Error for gene FAM111A-DT: No gene passed the filtering.
Error for gene MS4A6A: No gene passed the filtering.
Error for gene MS4A7: No gene passed the filtering.
Error for gene SLC15A3: No gene passed the filtering.
Error for gene TMEM216: No gene passed the filtering.
Error for gene RAB3IL1: No gene passed the filtering.
Error for gene SCGB2A1: No gene passed the filtering.
Error for gene SCGB1D2: No gene passed the filtering.
Error for gene MTA2: No gene passed the filtering.
Error for gene C11orf98: No gene passed the filtering.
Error for gene MEN1: No gene passed the filtering.
Error for gene SAC3D1: No gene passed the filtering.
Error for gene ZNHIT2: No gene passed the filtering.
Error for gene CDC42EP2: No gene passed the filtering.
Error for gene AP5B1: No gene passed the filtering.
Error for gene OVOL1: No gene passed the filtering.
Error for gene EIF1AD: No gene passed the filtering.
Error for gene SLC29A2: No gene passed the filtering.
Error for gene PELI3: No gene passed the filtering.
Error for gene RCE1: No gene passed the filtering.
Error for gene LRFN4: No gene passed the filtering.
Error for gene CLCF1: No gene passed the filtering.
Error for gene TBC1D10C: No gene passed the filtering.
Error for gene RPS6KB2: No gene passed the filtering.
Error for gene ACY3: No gene passed the filtering.
Error for gene TCIRG1: No gene passed the filtering.
Error for gene FADD: No gene passed the filtering.
Error for gene AP002387.2: No gene passed the filtering.
Error for gene KRTAP5-8: No gene passed the filtering.
Error for gene AP003498.2: No gene passed the filtering.
Error for gene INPPL1: No gene passed the filtering.
Error for gene UCP2: No gene passed the filtering.
Error for gene KCNE3: No gene passed the filtering.
Error for gene AP001372.2: No gene passed the filtering.
Error for gene LRRC32: No gene passed the filtering.
Error for gene TSKU: No gene passed the filtering.
Error for gene THRSP: No gene passed the filtering.
Error for gene PCF11-AS1: No gene passed the filtering.
Error for gene CASP1: No gene passed the filtering.
Error for gene AP003307.1: No gene passed the filtering.
Error for gene COLCA1: No gene passed the filtering.
Error for gene COLCA2: No gene passed the filtering.
Error for gene HSPB2: No gene passed the filtering.
Error for gene C11orf71: No gene passed the filtering.
Error for gene RBM7: No gene passed the filtering.
Error for gene IL10RA: No gene passed the filtering.
Error for gene MPZL2: No gene passed the filtering.
Error for gene CD3E: No gene passed the filtering.
Error for gene CD3D: No gene passed the filtering.
Error for gene TTC36: No gene passed the filtering.
Error for gene AP004609.3: No gene passed the filtering.
Error for gene H2AFX: No gene passed the filtering.
Error for gene RNF26: No gene passed the filtering.
Error for gene TLCD5: No gene passed the filtering.
Error for gene SPA17: No gene passed the filtering.
Error for gene VSIG2: No gene passed the filtering.
Error for gene ROBO3: No gene passed the filtering.
Error for gene PUS3: No gene passed the filtering.
Error for gene RPUSD4: No gene passed the filtering.
Error for gene AP003486.1: No gene passed the filtering.
Error for gene ACAD8: No gene passed the filtering.
Error for gene AC007406.5: No gene passed the filtering.
Error for gene NRIP2: No gene passed the filtering.
Error for gene RHNO1: No gene passed the filtering.
Error for gene IFFO1: No gene passed the filtering.
Error for gene MIR200CHG: No gene passed the filtering.
Error for gene MAGOHB: No gene passed the filtering.
Error for gene AC087239.1: No gene passed the filtering.
Error for gene AC092747.4: No gene passed the filtering.
Error for gene AC009509.1: No gene passed the filtering.
Error for gene REP15: No gene passed the filtering.
Error for gene AC022364.1: No gene passed the filtering.
Error for gene ALG10: No gene passed the filtering.
Error for gene ALG10B: No gene passed the filtering.
Error for gene AMIGO2: No gene passed the filtering.
Error for gene PCED1B-AS1: No gene passed the filtering.
Error for gene CACNB3: No gene passed the filtering.
Error for gene BCDIN3D: No gene passed the filtering.
Error for gene AC025154.1: No gene passed the filtering.
Error for gene AQP6: No gene passed the filtering.
Error for gene GPD1: No gene passed the filtering.
Error for gene ZNF740: No gene passed the filtering.
Error for gene MFSD5: No gene passed the filtering.
Error for gene TARBP2: No gene passed the filtering.
Error for gene HOXC9: No gene passed the filtering.
Error for gene HOXC-AS1: No gene passed the filtering.
Error for gene ZNF385A: No gene passed the filtering.
Error for gene ZBTB39: No gene passed the filtering.
Error for gene NAB2: No gene passed the filtering.
Error for gene SHMT2: No gene passed the filtering.
Error for gene DDIT3: No gene passed the filtering.
Error for gene DTX3: No gene passed the filtering.
Error for gene MARCH9: No gene passed the filtering.
Error for gene METTL1: No gene passed the filtering.
Error for gene AC048341.2: No gene passed the filtering.
Error for gene AVPR1A: No gene passed the filtering.
Error for gene DYRK2: No gene passed the filtering.
Error for gene LYZ: No gene passed the filtering.
Error for gene THAP2: No gene passed the filtering.
Error for gene GLIPR1: No gene passed the filtering.
Error for gene BBS10: No gene passed the filtering.
Error for gene DUSP6: No gene passed the filtering.
Error for gene ATP2B1-AS1: No gene passed the filtering.
Error for gene MTERF2: No gene passed the filtering.
Error for gene ASCL4: No gene passed the filtering.
Error for gene FICD: No gene passed the filtering.
Error for gene ALKBH2: No gene passed the filtering.
Error for gene PRKAB1: No gene passed the filtering.
Error for gene TRIAP1: No gene passed the filtering.
Error for gene OGFOD2: No gene passed the filtering.
Error for gene NOC4L: No gene passed the filtering.
Error for gene AC148477.4: No gene passed the filtering.
Error for gene RASL11A: No gene passed the filtering.
Error for gene PROSER1: No gene passed the filtering.
Error for gene KBTBD7: No gene passed the filtering.
Error for gene LACC1: No gene passed the filtering.
Error for gene NUDT15: No gene passed the filtering.
Error for gene AL365394.1: No gene passed the filtering.
Error for gene EDNRB: No gene passed the filtering.
Error for gene SPRY2: No gene passed the filtering.
Error for gene LINC00379: No gene passed the filtering.
Error for gene OXGR1: No gene passed the filtering.
Error for gene RAP2A: No gene passed the filtering.
Error for gene GPR183: No gene passed the filtering.
Error for gene GGACT: No gene passed the filtering.
Error for gene FGF14-AS2: No gene passed the filtering.
Error for gene LIG4: No gene passed the filtering.
Error for gene ABHD13: No gene passed the filtering.
Error for gene MCF2L-AS1: No gene passed the filtering.
Error for gene PIP4P1: No gene passed the filtering.
Error for gene ANG: No gene passed the filtering.
Error for gene RNASE4: No gene passed the filtering.
Error for gene ABHD4: No gene passed the filtering.
Error for gene MMP14: No gene passed the filtering.
Error for gene AJUBA: No gene passed the filtering.
Error for gene BCL2L2: No gene passed the filtering.
Error for gene SLC22A17: No gene passed the filtering.
Error for gene AL135999.1: No gene passed the filtering.
Error for gene AL135999.3: No gene passed the filtering.
Error for gene IPO4: No gene passed the filtering.
Error for gene TINF2: No gene passed the filtering.
Error for gene NOP9: No gene passed the filtering.
Error for gene CIDEB: No gene passed the filtering.
Error for gene LTB4R: No gene passed the filtering.
Error for gene NYNRIN: No gene passed the filtering.
Error for gene ARHGAP5-AS1: No gene passed the filtering.
Error for gene SLC25A21-AS1: No gene passed the filtering.
Error for gene AL627171.1: No gene passed the filtering.
Error for gene AL133453.1: No gene passed the filtering.
Error for gene L3HYPDH: No gene passed the filtering.
Error for gene TRMT5: No gene passed the filtering.
Error for gene TMEM30B: No gene passed the filtering.
Error for gene RIOX1: No gene passed the filtering.
Error for gene ACOT4: No gene passed the filtering.
Error for gene PNMA1: No gene passed the filtering.
Error for gene VASH1-AS1: No gene passed the filtering.
Error for gene GPR65: No gene passed the filtering.
Error for gene SERPINA6: No gene passed the filtering.
Error for gene SERPINA4: No gene passed the filtering.
Error for gene AL355102.4: No gene passed the filtering.
Error for gene TRMT61A: No gene passed the filtering.
Error for gene AL049840.5: No gene passed the filtering.
Error for gene KIF26A: No gene passed the filtering.
Error for gene INF2: No gene passed the filtering.
Error for gene CEP170B: No gene passed the filtering.
Error for gene BTBD6: No gene passed the filtering.
Error for gene TMEM121: No gene passed the filtering.
Error for gene AC127502.2: No gene passed the filtering.
Error for gene LINC02352: No gene passed the filtering.
Error for gene PGBD4: No gene passed the filtering.
Error for gene BMF: No gene passed the filtering.
Error for gene INAFM2: No gene passed the filtering.
Error for gene CCDC9B: No gene passed the filtering.
Error for gene CHST14: No gene passed the filtering.
Error for gene JMJD7: No gene passed the filtering.
Error for gene PLA2G4B: No gene passed the filtering.
Error for gene PLA2G4F: No gene passed the filtering.
Error for gene CDAN1: No gene passed the filtering.
Error for gene CKMT1B: No gene passed the filtering.
Error for gene CKMT1A: No gene passed the filtering.
Error for gene PIGBOS1: No gene passed the filtering.
Error for gene FBXL22: No gene passed the filtering.
Error for gene PLEKHO2: No gene passed the filtering.
Error for gene THAP10: No gene passed the filtering.
Error for gene INSYN1: No gene passed the filtering.
Error for gene C15orf39: No gene passed the filtering.
Error for gene CSPG4: No gene passed the filtering.
Error for gene CRABP1: No gene passed the filtering.
Error for gene TLNRD1: No gene passed the filtering.
Error for gene NMB: No gene passed the filtering.
Error for gene MFGE8: No gene passed the filtering.
Error for gene PEX11A: No gene passed the filtering.
Error for gene MESP1: No gene passed the filtering.
Error for gene FES: No gene passed the filtering.
Error for gene HDDC3: No gene passed the filtering.
Error for gene RCCD1: No gene passed the filtering.
Error for gene AC012409.1: No gene passed the filtering.
Error for gene ARRDC4: No gene passed the filtering.
Error for gene RHBDF1: No gene passed the filtering.
Error for gene DECR2: No gene passed the filtering.
Error for gene NHLRC4: No gene passed the filtering.
Error for gene WDR90: No gene passed the filtering.
Error for gene HAGHL: No gene passed the filtering.
Error for gene RPUSD1: No gene passed the filtering.
Error for gene CHTF18: No gene passed the filtering.
Error for gene C16orf91: No gene passed the filtering.
Error for gene TELO2: No gene passed the filtering.
Error for gene AL031710.1: No gene passed the filtering.
Error for gene EME2: No gene passed the filtering.
Error for gene ZNF598: No gene passed the filtering.
Error for gene SNHG19: No gene passed the filtering.
Error for gene TRAF7: No gene passed the filtering.
Error for gene BRICD5: No gene passed the filtering.
Error for gene PRSS22: No gene passed the filtering.
Error for gene THOC6: No gene passed the filtering.
Error for gene ZNF200: No gene passed the filtering.
Error for gene ROGDI: No gene passed the filtering.
Error for gene SOCS1: No gene passed the filtering.
Error for gene SNN: No gene passed the filtering.
Error for gene DCUN1D3: No gene passed the filtering.
Error for gene AC005632.3: No gene passed the filtering.
Error for gene NPIPB5: No gene passed the filtering.
Error for gene AC133552.5: No gene passed the filtering.
Error for gene C16orf54: No gene passed the filtering.
Error for gene ALDOA: No gene passed the filtering.
Error for gene CORO1A: No gene passed the filtering.
Error for gene BOLA2B: No gene passed the filtering.
Error for gene ZNF768: No gene passed the filtering.
Error for gene AC002310.1: No gene passed the filtering.
Error for gene FBRS: No gene passed the filtering.
Error for gene AC093249.6: No gene passed the filtering.
Error for gene ZNF629: No gene passed the filtering.
Error for gene CTF1: No gene passed the filtering.
Error for gene ORAI3: No gene passed the filtering.
Error for gene HSD3B7: No gene passed the filtering.
Error for gene ZNF646: No gene passed the filtering.
Error for gene BCKDK: No gene passed the filtering.
Error for gene PYCARD: No gene passed the filtering.
Error for gene ARMC5: No gene passed the filtering.
Error for gene TGFB1I1: No gene passed the filtering.
Error for gene SNX20: No gene passed the filtering.
Error for gene IRX5: No gene passed the filtering.
Error for gene MT3: No gene passed the filtering.
Error for gene MT1M: No gene passed the filtering.
Error for gene KATNB1: No gene passed the filtering.
Error for gene MMP15: No gene passed the filtering.
Error for gene SETD6: No gene passed the filtering.
Error for gene AC010542.5: No gene passed the filtering.
Error for gene B3GNT9: No gene passed the filtering.
Error for gene E2F4: No gene passed the filtering.
Error for gene ELMO3: No gene passed the filtering.
Error for gene ACD: No gene passed the filtering.
Error for gene PARD6A: No gene passed the filtering.
Error for gene ENKD1: No gene passed the filtering.
Error for gene C16orf86: No gene passed the filtering.
Error for gene THAP11: No gene passed the filtering.
Error for gene EDC4: No gene passed the filtering.
Error for gene LCAT: No gene passed the filtering.
Error for gene DDX28: No gene passed the filtering.
Error for gene AC020978.5: No gene passed the filtering.
Error for gene ESRP2: No gene passed the filtering.
Error for gene ZNF23: No gene passed the filtering.
Error for gene DHX38: No gene passed the filtering.
Error for gene LDHD: No gene passed the filtering.
Error for gene ATMIN: No gene passed the filtering.
Error for gene SDR42E1: No gene passed the filtering.
Error for gene AC040169.1: No gene passed the filtering.
Error for gene IRF8: No gene passed the filtering.
Error for gene AC010531.6: No gene passed the filtering.
Error for gene RNF166: No gene passed the filtering.
Error for gene CTU2: No gene passed the filtering.
Error for gene CENPBD1: No gene passed the filtering.
Error for gene AC129507.4: No gene passed the filtering.
Error for gene RILP: No gene passed the filtering.
Error for gene MIR22HG: No gene passed the filtering.
Error for gene ARRB2: No gene passed the filtering.
Error for gene GLTPD2: No gene passed the filtering.
Error for gene AC004771.4: No gene passed the filtering.
Error for gene AC012146.1: No gene passed the filtering.
Error for gene AC004148.1: No gene passed the filtering.
Error for gene MIS12: No gene passed the filtering.
Error for gene MED31: No gene passed the filtering.
Error for gene SLC16A11: No gene passed the filtering.
Error for gene PHF23: No gene passed the filtering.
Error for gene SLC2A4: No gene passed the filtering.
Error for gene KCTD11: No gene passed the filtering.
Error for gene PLSCR3: No gene passed the filtering.
Error for gene TMEM102: No gene passed the filtering.
Error for gene CD68: No gene passed the filtering.
Error for gene AC016876.1: No gene passed the filtering.
Error for gene CYB5D1: No gene passed the filtering.
Error for gene BORCS6: No gene passed the filtering.
Error for gene MFSD6L: No gene passed the filtering.
Error for gene AC015922.3: No gene passed the filtering.
Error for gene RASD1: No gene passed the filtering.
Error for gene EVPLL: No gene passed the filtering.
Error for gene AC007952.4: No gene passed the filtering.
Error for gene MAPK7: No gene passed the filtering.
Error for gene NATD1: No gene passed the filtering.
Error for gene LGALS9: No gene passed the filtering.
Error for gene ERVE-1: No gene passed the filtering.
Error for gene TMEM97: No gene passed the filtering.
Error for gene SLC46A1: No gene passed the filtering.
Error for gene TLCD1: No gene passed the filtering.
Error for gene DHRS13: No gene passed the filtering.
Error for gene ABHD15: No gene passed the filtering.
Error for gene TP53I13: No gene passed the filtering.
Error for gene AC116407.2: No gene passed the filtering.
Error for gene CCL2: No gene passed the filtering.
Error for gene ZNF830: No gene passed the filtering.
Error for gene DHRS11: No gene passed the filtering.
Error for gene AC006449.6: No gene passed the filtering.
Error for gene RARA-AS1: No gene passed the filtering.
Error for gene AC067852.2: No gene passed the filtering.
Error for gene COASY: No gene passed the filtering.
Error for gene AC067852.5: No gene passed the filtering.
Error for gene TUBG1: No gene passed the filtering.
Error for gene AC100793.2: No gene passed the filtering.
Error for gene RAMP2: No gene passed the filtering.
Error for gene AC060780.1: No gene passed the filtering.
Error for gene AC007993.3: No gene passed the filtering.
Error for gene LINC01976: No gene passed the filtering.
Error for gene ATXN7L3: No gene passed the filtering.
Error for gene AC003102.1: No gene passed the filtering.
Error for gene RUNDC3A: No gene passed the filtering.
Error for gene FAM171A2: No gene passed the filtering.
Error for gene FZD2: No gene passed the filtering.
Error for gene KANSL1-AS1: No gene passed the filtering.
Error for gene SCRN2: No gene passed the filtering.
Error for gene PRR15L: No gene passed the filtering.
Error for gene HOXB4: No gene passed the filtering.
Error for gene AC103702.1: No gene passed the filtering.
Error for gene HOXB9: No gene passed the filtering.
Error for gene EPN3: No gene passed the filtering.
Error for gene AC015912.3: No gene passed the filtering.
Error for gene AC015813.1: No gene passed the filtering.
Error for gene SMG8: No gene passed the filtering.
Error for gene AC091271.1: No gene passed the filtering.
Error for gene HEATR6: No gene passed the filtering.
Error for gene LIMD2: No gene passed the filtering.
Error for gene CD79B: No gene passed the filtering.
Error for gene C17orf58: No gene passed the filtering.
Error for gene AC005332.6: No gene passed the filtering.
Error for gene AC005332.3: No gene passed the filtering.
Error for gene AMZ2: No gene passed the filtering.
Error for gene SOX9: No gene passed the filtering.
Error for gene CASKIN2: No gene passed the filtering.
Error for gene TRIM47: No gene passed the filtering.
Error for gene CDK3: No gene passed the filtering.
Error for gene SOCS3: No gene passed the filtering.
Error for gene CBX4: No gene passed the filtering.
Error for gene SGSH: No gene passed the filtering.
Error for gene TEPSIN: No gene passed the filtering.
Error for gene AC110285.2: No gene passed the filtering.
Error for gene FAAP100: No gene passed the filtering.
Error for gene OXLD1: No gene passed the filtering.
Error for gene AC139530.1: No gene passed the filtering.
Error for gene ALYREF: No gene passed the filtering.
Error for gene NPB: No gene passed the filtering.
Error for gene MAFG: No gene passed the filtering.
Error for gene RAC3: No gene passed the filtering.
Error for gene RFNG: No gene passed the filtering.
Error for gene AC132872.1: No gene passed the filtering.
Error for gene CD7: No gene passed the filtering.
Error for gene AC144831.1: No gene passed the filtering.
Error for gene DLGAP1-AS1: No gene passed the filtering.
Error for gene ZBTB14: No gene passed the filtering.
Error for gene AP005432.2: No gene passed the filtering.
Error for gene AC007996.1: No gene passed the filtering.
Error for gene AC023043.1: No gene passed the filtering.
Error for gene ELAC1: No gene passed the filtering.
Error for gene C18orf54: No gene passed the filtering.
Error for gene LINC01544: No gene passed the filtering.
Error for gene LINC01896: No gene passed the filtering.
Error for gene RBFA: No gene passed the filtering.
Error for gene PARD6G-AS1: No gene passed the filtering.
Error for gene FSTL3: No gene passed the filtering.
Error for gene REEP6: No gene passed the filtering.
Error for gene AC012615.1: No gene passed the filtering.
Error for gene DIRAS1: No gene passed the filtering.
Error for gene CACTIN: No gene passed the filtering.
Error for gene PCP2: No gene passed the filtering.
Error for gene SNAPC2: No gene passed the filtering.
Error for gene CTXN1: No gene passed the filtering.
Error for gene ZNF317: No gene passed the filtering.
Error for gene S1PR2: No gene passed the filtering.
Error for gene ICAM3: No gene passed the filtering.
Error for gene CDKN2D: No gene passed the filtering.
Error for gene ACP5: No gene passed the filtering.
Error for gene ZNF441: No gene passed the filtering.
Error for gene SYDE1: No gene passed the filtering.
Error for gene AC024075.2: No gene passed the filtering.
Error for gene OCEL1: No gene passed the filtering.
Error for gene LRRC25: No gene passed the filtering.
Error for gene KLHL26: No gene passed the filtering.
Error for gene NR2C2AP: No gene passed the filtering.
Error for gene YJEFN3: No gene passed the filtering.
Error for gene LPAR2: No gene passed the filtering.
Error for gene AC010329.1: No gene passed the filtering.
Error for gene ZNF726: No gene passed the filtering.
Error for gene AC092279.1: No gene passed the filtering.
Error for gene PLEKHF1: No gene passed the filtering.
Error for gene CEBPG: No gene passed the filtering.
Error for gene ZNF599: No gene passed the filtering.
Error for gene ZNF30: No gene passed the filtering.
Error for gene SCN1B: No gene passed the filtering.
Error for gene FXYD1: No gene passed the filtering.
Error for gene ETV2: No gene passed the filtering.
Error for gene IGFLR1: No gene passed the filtering.
Error for gene ARHGAP33: No gene passed the filtering.
Error for gene HCST: No gene passed the filtering.
Error for gene LRFN3: No gene passed the filtering.
Error for gene SDHAF1: No gene passed the filtering.
Error for gene ALKBH6: No gene passed the filtering.
Error for gene LINC01534: No gene passed the filtering.
Error for gene LINC01535: No gene passed the filtering.
Error for gene ZNF781: No gene passed the filtering.
Error for gene AC093227.1: No gene passed the filtering.
Error for gene C19orf33: No gene passed the filtering.
Error for gene NCCRP1: No gene passed the filtering.
Error for gene ZFP36: No gene passed the filtering.
Error for gene EID2: No gene passed the filtering.
Error for gene ZNF780A: No gene passed the filtering.
Error for gene SERTAD1: No gene passed the filtering.
Error for gene EGLN2: No gene passed the filtering.
Error for gene B9D2: No gene passed the filtering.
Error for gene B3GNT8: No gene passed the filtering.
Error for gene AC243960.1: No gene passed the filtering.
Error for gene ZNF224: No gene passed the filtering.
Error for gene ZNF180: No gene passed the filtering.
Error for gene GEMIN7: No gene passed the filtering.
Error for gene PPP1R37: No gene passed the filtering.
Error for gene FOSB: No gene passed the filtering.
Error for gene SIX5: No gene passed the filtering.
Error for gene IRF2BP1: No gene passed the filtering.
Error for gene INAFM1: No gene passed the filtering.
Error for gene KPTN: No gene passed the filtering.
Error for gene AC010331.1: No gene passed the filtering.
Error for gene CARD8-AS1: No gene passed the filtering.
Error for gene FUT1: No gene passed the filtering.
Error for gene AC006942.1: No gene passed the filtering.
Error for gene AKT1S1: No gene passed the filtering.
Error for gene CLEC11A: No gene passed the filtering.
Error for gene C19orf48: No gene passed the filtering.
Error for gene KLK1: No gene passed the filtering.
Error for gene CTU1: No gene passed the filtering.
Error for gene CLDND2: No gene passed the filtering.
Error for gene NKG7: No gene passed the filtering.
Error for gene ZNF649: No gene passed the filtering.
Error for gene ZNF841: No gene passed the filtering.
Error for gene ZNF468: No gene passed the filtering.
Error for gene LAIR1: No gene passed the filtering.
Error for gene NAT14: No gene passed the filtering.
Error for gene ZNF579: No gene passed the filtering.
Error for gene ZNF865: No gene passed the filtering.
Error for gene ZNF581: No gene passed the filtering.
Error for gene CCDC106: No gene passed the filtering.
Error for gene ZNF582-AS1: No gene passed the filtering.
Error for gene PEG3: No gene passed the filtering.
Error for gene AC005261.1: No gene passed the filtering.
Error for gene ZNF304: No gene passed the filtering.
Error for gene TRAPPC2B: No gene passed the filtering.
Error for gene ZNF548: No gene passed the filtering.
Error for gene ZNF17: No gene passed the filtering.
Error for gene ZNF749: No gene passed the filtering.
Error for gene ZNF772: No gene passed the filtering.
Error for gene ZNF419: No gene passed the filtering.
Error for gene ZNF773: No gene passed the filtering.
Error for gene ZNF550: No gene passed the filtering.
Error for gene ZNF134: No gene passed the filtering.
Error for gene ZNF211: No gene passed the filtering.
Error for gene ZNF154: No gene passed the filtering.
Error for gene ZNF776: No gene passed the filtering.
Error for gene ZCCHC3: No gene passed the filtering.
Error for gene SOX12: No gene passed the filtering.
Error for gene SRXN1: No gene passed the filtering.
Error for gene SNPH: No gene passed the filtering.
Error for gene SDCBP2: No gene passed the filtering.
Error for gene NOP56: No gene passed the filtering.
Error for gene CPXM1: No gene passed the filtering.
Error for gene PCED1A: No gene passed the filtering.
Error for gene FASTKD5: No gene passed the filtering.
Error for gene LZTS3: No gene passed the filtering.
Error for gene C20orf27: No gene passed the filtering.
Error for gene AP5S1: No gene passed the filtering.
Error for gene TRMT6: No gene passed the filtering.
Error for gene FLRT3: No gene passed the filtering.
Error for gene PET117: No gene passed the filtering.
Error for gene ZNF133: No gene passed the filtering.
Error for gene RBBP9: No gene passed the filtering.
Error for gene NXT1: No gene passed the filtering.
Error for gene GZF1: No gene passed the filtering.
Error for gene AL035661.1: No gene passed the filtering.
Error for gene CST7: No gene passed the filtering.
Error for gene NANP: No gene passed the filtering.
Error for gene PDRG1: No gene passed the filtering.
Error for gene AL035071.1: No gene passed the filtering.
Error for gene RBM12: No gene passed the filtering.
Error for gene SRC: No gene passed the filtering.
Error for gene SNHG17: No gene passed the filtering.
Error for gene SNHG11: No gene passed the filtering.
Error for gene KCNK15: No gene passed the filtering.
Error for gene DBNDD2: No gene passed the filtering.
Error for gene ZNF334: No gene passed the filtering.
Error for gene TP53RK: No gene passed the filtering.
Error for gene CEBPB: No gene passed the filtering.
Error for gene PPP1R3D: No gene passed the filtering.
Error for gene AL354836.1: No gene passed the filtering.
Error for gene AL121832.2: No gene passed the filtering.
Error for gene MRGBP: No gene passed the filtering.
Error for gene YTHDF1: No gene passed the filtering.
Error for gene HELZ2: No gene passed the filtering.
Error for gene ZNF512B: No gene passed the filtering.
Error for gene SMIM34B: No gene passed the filtering.
Error for gene ADAMTS1: No gene passed the filtering.
Error for gene N6AMT1: No gene passed the filtering.
Error for gene MIS18A: No gene passed the filtering.
Error for gene OLIG1: No gene passed the filtering.
Error for gene DNAJC28: No gene passed the filtering.
Error for gene RIPK4: No gene passed the filtering.
Error for gene LINC01671: No gene passed the filtering.
Error for gene RRP1: No gene passed the filtering.
Error for gene AP001062.1: No gene passed the filtering.
Error for gene LINC00205: No gene passed the filtering.
Error for gene TMEM191B: No gene passed the filtering.
Error for gene ESS2: No gene passed the filtering.
Error for gene RTL10: No gene passed the filtering.
Error for gene TRMT2A: No gene passed the filtering.
Error for gene RTN4R: No gene passed the filtering.
Error for gene LZTR1: No gene passed the filtering.
Error for gene THAP7: No gene passed the filtering.
Error for gene YDJC: No gene passed the filtering.
Error for gene GSTT2B: No gene passed the filtering.
Error for gene SRRD: No gene passed the filtering.
Error for gene CASTOR1: No gene passed the filtering.
Error for gene APOL2: No gene passed the filtering.
Error for gene KCTD17: No gene passed the filtering.
Error for gene RAC2: No gene passed the filtering.
Error for gene DNAL4: No gene passed the filtering.
Error for gene NAGA: No gene passed the filtering.
Error for gene LINC01315: No gene passed the filtering.
Error for gene RTL6: No gene passed the filtering.
Error for gene CDPF1: No gene passed the filtering.
Error for gene AL118516.1: No gene passed the filtering.
Error for gene PANX2: No gene passed the filtering.
Error for gene ADM2: No gene passed the filtering.
Error for gene ODF3B: No gene passed the filtering.
Error for gene ZBED1: No gene passed the filtering.
Error for gene HCCS: No gene passed the filtering.
Error for gene PIGA: No gene passed the filtering.
Error for gene SCML1: No gene passed the filtering.
Error for gene CYBB: No gene passed the filtering.
Error for gene MID1IP1: No gene passed the filtering.
Error for gene PRAF2: No gene passed the filtering.
Error for gene PLP2: No gene passed the filtering.
Error for gene GSPT2: No gene passed the filtering.
Error for gene TSPYL2: No gene passed the filtering.
Error for gene TRO: No gene passed the filtering.
Error for gene APEX2: No gene passed the filtering.
Error for gene USP51: No gene passed the filtering.
Error for gene UBQLN2: No gene passed the filtering.
Error for gene SPIN2B: No gene passed the filtering.
Error for gene LAS1L: No gene passed the filtering.
Error for gene EFNB1: No gene passed the filtering.
Error for gene PDZD11: No gene passed the filtering.
Error for gene SNX12: No gene passed the filtering.
Error for gene FOXO4: No gene passed the filtering.
Error for gene RTL5: No gene passed the filtering.
Error for gene NAP1L2: No gene passed the filtering.
Error for gene Z83843.1: No gene passed the filtering.
Error for gene PBDC1: No gene passed the filtering.
Error for gene ATP7A: No gene passed the filtering.
Error for gene TAF9B: No gene passed the filtering.
Error for gene ITM2A: No gene passed the filtering.
Error for gene POU3F4: No gene passed the filtering.
Error for gene CSTF2: No gene passed the filtering.
Error for gene TIMM8A: No gene passed the filtering.
Error for gene ARMCX1: No gene passed the filtering.
Error for gene ARMCX2: No gene passed the filtering.
Error for gene ARMCX5: No gene passed the filtering.
Error for gene GPRASP1: No gene passed the filtering.
Error for gene GPRASP2: No gene passed the filtering.
Error for gene BEX1: No gene passed the filtering.
Error for gene PSMD10: No gene passed the filtering.
Error for gene CAPN6: No gene passed the filtering.
Error for gene RNF113A: No gene passed the filtering.
Error for gene ZBTB33: No gene passed the filtering.
Error for gene AL121601.1: No gene passed the filtering.
Error for gene AL022162.1: No gene passed the filtering.
Error for gene STK26: No gene passed the filtering.
Error for gene FRMD7: No gene passed the filtering.
Error for gene AC002407.1: No gene passed the filtering.
Error for gene CCDC160: No gene passed the filtering.
Error for gene MIR503HG: No gene passed the filtering.
Error for gene RTL8B: No gene passed the filtering.
Error for gene SMIM10L2B: No gene passed the filtering.
Error for gene CXorf40A: No gene passed the filtering.
Error for gene CXorf40B: No gene passed the filtering.
Error for gene HMGB3: No gene passed the filtering.
Error for gene PNMA6A: No gene passed the filtering.
Error for gene HCFC1: No gene passed the filtering.
Error for gene UBL4A: No gene passed the filtering.
Error for gene SLC10A3: No gene passed the filtering.
Error for gene G6PD: No gene passed the filtering.
Error for gene F8A1: No gene passed the filtering.
Error for gene AC007325.4: No gene passed the filtering.
Error for gene TNFRSF4: No gene passed the filtering.
Error for gene C1QTNF12: No gene passed the filtering.
Error for gene TNFRSF14-AS1: No gene passed the filtering.
Error for gene AL031283.2: No gene passed the filtering.
Error for gene MFAP2: No gene passed the filtering.
Error for gene RNF186: No gene passed the filtering.
Error for gene C1QC: No gene passed the filtering.
Error for gene C1QB: No gene passed the filtering.
Error for gene SLC30A2: No gene passed the filtering.
Error for gene FAM110D: No gene passed the filtering.
Error for gene MAP3K6: No gene passed the filtering.
Error for gene FCN3: No gene passed the filtering.
Error for gene THEMIS2: No gene passed the filtering.
Error for gene ADGRB2: No gene passed the filtering.
Error for gene GJA4: No gene passed the filtering.
Error for gene BTBD19: No gene passed the filtering.
Error for gene CYP4A11: No gene passed the filtering.
Error for gene TAL1: No gene passed the filtering.
Error for gene FOXD2: No gene passed the filtering.
Error for gene DLEU2L: No gene passed the filtering.
Error for gene AC093575.1: No gene passed the filtering.
Error for gene IFI44L: No gene passed the filtering.
Error for gene GBP5: No gene passed the filtering.
Error for gene S1PR1: No gene passed the filtering.
Error for gene CSF1: No gene passed the filtering.
Error for gene SLC6A17: No gene passed the filtering.
Error for gene NUDT17: No gene passed the filtering.
Error for gene LINC01719: No gene passed the filtering.
Error for gene GJA5: No gene passed the filtering.
Error for gene FCGR1A: No gene passed the filtering.
Error for gene ECM1: No gene passed the filtering.
Error for gene TNFAIP8L2: No gene passed the filtering.
Error for gene FLG: No gene passed the filtering.
Error for gene S100A9: No gene passed the filtering.
Error for gene S100A8: No gene passed the filtering.
Error for gene AL358472.2: No gene passed the filtering.
Error for gene AL353807.5: No gene passed the filtering.
Error for gene HAPLN2: No gene passed the filtering.
Error for gene SH2D2A: No gene passed the filtering.
Error for gene CD1D: No gene passed the filtering.
Error for gene CD1C: No gene passed the filtering.
Error for gene FCER1A: No gene passed the filtering.
Error for gene FCRL6: No gene passed the filtering.
Error for gene AL590560.2: No gene passed the filtering.
Error for gene VSIG8: No gene passed the filtering.
Error for gene SLAMF7: No gene passed the filtering.
Error for gene CD244: No gene passed the filtering.
Error for gene FCGR2B: No gene passed the filtering.
Error for gene XCL2: No gene passed the filtering.
Error for gene XCL1: No gene passed the filtering.
Error for gene SELL: No gene passed the filtering.
Error for gene DNM3OS: No gene passed the filtering.
Error for gene FASLG: No gene passed the filtering.
Error for gene IER5: No gene passed the filtering.
Error for gene PTGS2: No gene passed the filtering.
Error for gene RGS18: No gene passed the filtering.
Error for gene RGS1: No gene passed the filtering.
Error for gene PKP1: No gene passed the filtering.
Error for gene CHI3L1: No gene passed the filtering.
Error for gene LINC02767: No gene passed the filtering.
Error for gene BATF3: No gene passed the filtering.
Error for gene HLX: No gene passed the filtering.
Error for gene AC092809.2: No gene passed the filtering.
Error for gene GJC2: No gene passed the filtering.
Error for gene AGT: No gene passed the filtering.
Error for gene ALKAL2: No gene passed the filtering.
Error for gene LINC01874: No gene passed the filtering.
Error for gene LINC01871: No gene passed the filtering.
Error for gene MATN3: No gene passed the filtering.
Error for gene PCARE: No gene passed the filtering.
Error for gene PLEK: No gene passed the filtering.
Error for gene CYP26B1: No gene passed the filtering.
Error for gene DOK1: No gene passed the filtering.
Error for gene ADRA2B: No gene passed the filtering.
Error for gene IL1RL1: No gene passed the filtering.
Error for gene MALL: No gene passed the filtering.
Error for gene IL1B: No gene passed the filtering.
Error for gene AC013275.1: No gene passed the filtering.
Error for gene PROC: No gene passed the filtering.
Error for gene AC010976.2: No gene passed the filtering.
Error for gene AC009951.6: No gene passed the filtering.
Error for gene COL3A1: No gene passed the filtering.
Error for gene GPBAR1: No gene passed the filtering.
Error for gene B3GNT7: No gene passed the filtering.
Error for gene AGXT: No gene passed the filtering.
Error for gene MAB21L4: No gene passed the filtering.
Error for gene AC096921.2: No gene passed the filtering.
Error for gene ZNF660: No gene passed the filtering.
Error for gene CCR1: No gene passed the filtering.
Error for gene CCR2: No gene passed the filtering.
Error for gene CCRL2: No gene passed the filtering.
Error for gene TMIE: No gene passed the filtering.
Error for gene COL7A1: No gene passed the filtering.
Error for gene INKA1: No gene passed the filtering.
Error for gene HYAL3: No gene passed the filtering.
Error for gene SEMA3G: No gene passed the filtering.
Error for gene TNNC1: No gene passed the filtering.
Error for gene WNT5A: No gene passed the filtering.
Error for gene PSMD6-AS2: No gene passed the filtering.
Error for gene GPR27: No gene passed the filtering.
Error for gene HTR1F: No gene passed the filtering.
Error for gene TAGLN3: No gene passed the filtering.
Error for gene TIGIT: No gene passed the filtering.
Error for gene POPDC2: No gene passed the filtering.
Error for gene CHST13: No gene passed the filtering.
Error for gene AGTR1: No gene passed the filtering.
Error for gene GPR171: No gene passed the filtering.
Error for gene P2RY1: No gene passed the filtering.
Error for gene AC091607.2: No gene passed the filtering.
Error for gene RTP4: No gene passed the filtering.
Error for gene SST: No gene passed the filtering.
Error for gene AC024560.1: No gene passed the filtering.
Error for gene AC107464.3: No gene passed the filtering.
Error for gene AC147067.1: No gene passed the filtering.
Error for gene LINC02600: No gene passed the filtering.
Error for gene FGFBP2: No gene passed the filtering.
Error for gene AC110611.2: No gene passed the filtering.
Error for gene CXCL6: No gene passed the filtering.
Error for gene CXCL1: No gene passed the filtering.
Error for gene CXCL9: No gene passed the filtering.
Error for gene AF213884.3: No gene passed the filtering.
Error for gene PCDH18: No gene passed the filtering.
Error for gene AC108053.1: No gene passed the filtering.
Error for gene MIR4453HG: No gene passed the filtering.
Error for gene NPY5R: No gene passed the filtering.
Error for gene AC097534.2: No gene passed the filtering.
Error for gene AC116351.1: No gene passed the filtering.
Error for gene IL7R: No gene passed the filtering.
Error for gene AC093297.2: No gene passed the filtering.
Error for gene GZMK: No gene passed the filtering.
Error for gene GZMA: No gene passed the filtering.
Error for gene GAPT: No gene passed the filtering.
Error for gene LRRC70: No gene passed the filtering.
Error for gene CD180: No gene passed the filtering.
Error for gene AC116345.3: No gene passed the filtering.
Error for gene TMEM174: No gene passed the filtering.
Error for gene AC034236.2: No gene passed the filtering.
Error for gene LOX: No gene passed the filtering.
Error for gene CTXN3: No gene passed the filtering.
Error for gene LEAP2: No gene passed the filtering.
Error for gene SMIM32: No gene passed the filtering.
Error for gene SLC23A1: No gene passed the filtering.
Error for gene PCDHGA6: No gene passed the filtering.
Error for gene ADRB2: No gene passed the filtering.
Error for gene KCNMB1: No gene passed the filtering.
Error for gene HK3: No gene passed the filtering.
Error for gene SCGB3A1: No gene passed the filtering.
Error for gene FOXCUT: No gene passed the filtering.
Error for gene NRN1: No gene passed the filtering.
Error for gene KAAG1: No gene passed the filtering.
Error for gene HIST1H1D: No gene passed the filtering.
Error for gene AL590062.1: No gene passed the filtering.
Error for gene ZSCAN9: No gene passed the filtering.
Error for gene ZKSCAN3: No gene passed the filtering.
Error for gene TNF: No gene passed the filtering.
Error for gene NCR3: No gene passed the filtering.
Error for gene SAPCD1-AS1: No gene passed the filtering.
Error for gene HLA-DRB5: No gene passed the filtering.
Error for gene HLA-DQA2: No gene passed the filtering.
Error for gene COL11A2: No gene passed the filtering.
Error for gene PI16: No gene passed the filtering.
Error for gene BAG2: No gene passed the filtering.
Error for gene AL391807.1: No gene passed the filtering.
Error for gene HMGN3-AS1: No gene passed the filtering.
Error for gene ELOVL4: No gene passed the filtering.
Error for gene TPBG: No gene passed the filtering.
Error for gene AL109920.1: No gene passed the filtering.
Error for gene CCN6: No gene passed the filtering.
Error for gene CALHM5: No gene passed the filtering.
Error for gene GJA1: No gene passed the filtering.
Error for gene HEY2: No gene passed the filtering.
Error for gene KIAA0408: No gene passed the filtering.
Error for gene VNN2: No gene passed the filtering.
Error for gene TCF21: No gene passed the filtering.
Error for gene MYCT1: No gene passed the filtering.
Error for gene AL360169.3: No gene passed the filtering.
Error for gene MICALL2: No gene passed the filtering.
Error for gene LFNG: No gene passed the filtering.
Error for gene LINC01176: No gene passed the filtering.
Error for gene MYO1G: No gene passed the filtering.
Error for gene IGFBP1: No gene passed the filtering.
Error for gene FLNC: No gene passed the filtering.
Error for gene AC058791.1: No gene passed the filtering.
Error for gene AC008264.2: No gene passed the filtering.
Error for gene ZC3HAV1L: No gene passed the filtering.
Error for gene TRBC1: No gene passed the filtering.
Error for gene GIMAP6: No gene passed the filtering.
Error for gene WDR86: No gene passed the filtering.
Error for gene KBTBD11-OT1: No gene passed the filtering.
Error for gene SOX7: No gene passed the filtering.
Error for gene NPM2: No gene passed the filtering.
Error for gene PHYHIP: No gene passed the filtering.
Error for gene PNMA2: No gene passed the filtering.
Error for gene ZNF703: No gene passed the filtering.
Error for gene AC026904.2: No gene passed the filtering.
Error for gene SNAI2: No gene passed the filtering.
Error for gene SOX17: No gene passed the filtering.
Error for gene AC022893.1: No gene passed the filtering.
Error for gene FABP4: No gene passed the filtering.
Error for gene AC104211.2: No gene passed the filtering.
Error for gene GEM: No gene passed the filtering.
Error for gene GPR20: No gene passed the filtering.
Error for gene AC100803.4: No gene passed the filtering.
Error for gene PSCA: No gene passed the filtering.
Error for gene GPIHBP1: No gene passed the filtering.
Error for gene SCX: No gene passed the filtering.
Error for gene GPT: No gene passed the filtering.
Error for gene DOCK8-AS1: No gene passed the filtering.
Error for gene CDC37L1-DT: No gene passed the filtering.
Error for gene BNC2-AS1: No gene passed the filtering.
Error for gene DNAJB5: No gene passed the filtering.
Error for gene NPR2: No gene passed the filtering.
Error for gene HRCT1: No gene passed the filtering.
Error for gene CTSV: No gene passed the filtering.
Error for gene TAL2: No gene passed the filtering.
Error for gene RNF183: No gene passed the filtering.
Error for gene PTGS1: No gene passed the filtering.
Error for gene SLC2A6: No gene passed the filtering.
Error for gene SLC34A3: No gene passed the filtering.
Error for gene AKR1C2: No gene passed the filtering.
Error for gene CALML3: No gene passed the filtering.
Error for gene AC069544.1: No gene passed the filtering.
Error for gene MIR1915HG: No gene passed the filtering.
Error for gene TMEM273: No gene passed the filtering.
Error for gene AC073174.1: No gene passed the filtering.
Error for gene PRF1: No gene passed the filtering.
Error for gene SLC16A12-AS1: No gene passed the filtering.
Error for gene FGFBP3: No gene passed the filtering.
Error for gene HHEX: No gene passed the filtering.
Error for gene CALHM2: No gene passed the filtering.
Error for gene AL353740.1: No gene passed the filtering.
Error for gene DUSP5: No gene passed the filtering.
Error for gene ADRA2A: No gene passed the filtering.
Error for gene C10orf82: No gene passed the filtering.
Error for gene NANOS1: No gene passed the filtering.
Error for gene LMNTD2: No gene passed the filtering.
Error for gene TNNI2: No gene passed the filtering.
Error for gene H19: No gene passed the filtering.
Error for gene C11orf21: No gene passed the filtering.
Error for gene TSPAN32: No gene passed the filtering.
Error for gene TRPM5: No gene passed the filtering.
Error for gene OR51E1: No gene passed the filtering.
Error for gene LYVE1: No gene passed the filtering.
Error for gene FJX1: No gene passed the filtering.
Error for gene CHST1: No gene passed the filtering.
Error for gene LINC02716: No gene passed the filtering.
Error for gene LRRC55: No gene passed the filtering.
Error for gene APLNR: No gene passed the filtering.
Error for gene MPEG1: No gene passed the filtering.
Error for gene TMEM132A: No gene passed the filtering.
Error for gene PGA5: No gene passed the filtering.
Error for gene ROM1: No gene passed the filtering.
Error for gene SLC22A11: No gene passed the filtering.
Error for gene SLC22A12: No gene passed the filtering.
Error for gene CTSW: No gene passed the filtering.
Error for gene CST6: No gene passed the filtering.
Error for gene CD248: No gene passed the filtering.
Error for gene RIN1: No gene passed the filtering.
Error for gene AP002748.4: No gene passed the filtering.
Error for gene IL18BP: No gene passed the filtering.
Error for gene FOLR2: No gene passed the filtering.
Error for gene WNT11: No gene passed the filtering.
Error for gene APOC3: No gene passed the filtering.
Error for gene KCNA5: No gene passed the filtering.
Error for gene CD27: No gene passed the filtering.
Error for gene CLEC4A: No gene passed the filtering.
Error for gene CLEC4E: No gene passed the filtering.
Error for gene CD69: No gene passed the filtering.
Error for gene KLRF1: No gene passed the filtering.
Error for gene SMCO3: No gene passed the filtering.
Error for gene KCNJ8: No gene passed the filtering.
Error for gene AC026356.2: No gene passed the filtering.
Error for gene AC004466.1: No gene passed the filtering.
Error for gene DDN: No gene passed the filtering.
Error for gene ACVRL1: No gene passed the filtering.
Error for gene GRASP: No gene passed the filtering.
Error for gene SLC39A5: No gene passed the filtering.
Error for gene ARHGEF25: No gene passed the filtering.
Error for gene CYP27B1: No gene passed the filtering.
Error for gene IFNG: No gene passed the filtering.
Error for gene NTS: No gene passed the filtering.
Error for gene HCAR1: No gene passed the filtering.
Error for gene AC148477.2: No gene passed the filtering.
Error for gene GJB2: No gene passed the filtering.
Error for gene SHISA2: No gene passed the filtering.
Error for gene POGLUT2: No gene passed the filtering.
Error for gene SLC10A2: No gene passed the filtering.
Error for gene RNASE6: No gene passed the filtering.
Error for gene TPPP2: No gene passed the filtering.
Error for gene TRDC: No gene passed the filtering.
Error for gene CDH24: No gene passed the filtering.
Error for gene DHRS2: No gene passed the filtering.
Error for gene GZMH: No gene passed the filtering.
Error for gene GZMB: No gene passed the filtering.
Error for gene CLEC14A: No gene passed the filtering.
Error for gene C14orf28: No gene passed the filtering.
Error for gene FRMD6-AS1: No gene passed the filtering.
Error for gene PTGDR: No gene passed the filtering.
Error for gene PTGER2: No gene passed the filtering.
Error for gene AL049838.1: No gene passed the filtering.
Error for gene DIO3OS: No gene passed the filtering.
Error for gene EXOC3L4: No gene passed the filtering.
Error for gene AL161669.3: No gene passed the filtering.
Error for gene ADSSL1: No gene passed the filtering.
Error for gene PLD4: No gene passed the filtering.
Error for gene AC022613.3: No gene passed the filtering.
Error for gene PLCB2: No gene passed the filtering.
Error for gene LTK: No gene passed the filtering.
Error for gene AC020659.1: No gene passed the filtering.
Error for gene MYZAP: No gene passed the filtering.
Error for gene AC103691.1: No gene passed the filtering.
Error for gene RASL12: No gene passed the filtering.
Error for gene ISLR: No gene passed the filtering.
Error for gene SEMA7A: No gene passed the filtering.
Error for gene DNM1P35: No gene passed the filtering.
Error for gene GOLGA6L9: No gene passed the filtering.
Error for gene SNHG21: No gene passed the filtering.
Error for gene AC027013.1: No gene passed the filtering.
Error for gene MSLN: No gene passed the filtering.
Error for gene AC099518.5: No gene passed the filtering.
Error for gene AC137056.1: No gene passed the filtering.
Error for gene APOBR: No gene passed the filtering.
Error for gene AC026471.3: No gene passed the filtering.
Error for gene AC092140.1: No gene passed the filtering.
Error for gene MT1A: No gene passed the filtering.
Error for gene LINC00920: No gene passed the filtering.
Error for gene CMTM1: No gene passed the filtering.
Error for gene EXOC3L1: No gene passed the filtering.
Error for gene TPPP3: No gene passed the filtering.
Error for gene CLEC18A: No gene passed the filtering.
Error for gene CLEC18C: No gene passed the filtering.
Error for gene FOXC2: No gene passed the filtering.
Error for gene SCGB1C2: No gene passed the filtering.
Error for gene AC129507.1: No gene passed the filtering.
Error for gene HIC1: No gene passed the filtering.
Error for gene VMO1: No gene passed the filtering.
Error for gene MIR497HG: No gene passed the filtering.
Error for gene BCL6B: No gene passed the filtering.
Error for gene CLEC10A: No gene passed the filtering.
Error for gene ASGR1: No gene passed the filtering.
Error for gene NLGN2: No gene passed the filtering.
Error for gene TMEM88: No gene passed the filtering.
Error for gene GRAP: No gene passed the filtering.
Error for gene MFAP4: No gene passed the filtering.
Error for gene AC127024.5: No gene passed the filtering.
Error for gene EVI2A: No gene passed the filtering.
Error for gene CCL14: No gene passed the filtering.
Error for gene CCL15: No gene passed the filtering.
Error for gene CCL3: No gene passed the filtering.
Error for gene CCL4: No gene passed the filtering.
Error for gene CCL3L1: No gene passed the filtering.
Error for gene CCL4L2: No gene passed the filtering.
Error for gene AC244153.1: No gene passed the filtering.
Error for gene LINC00672: No gene passed the filtering.
Error for gene NR1D1: No gene passed the filtering.
Error for gene GJD3: No gene passed the filtering.
Error for gene KRT17: No gene passed the filtering.
Error for gene CNTNAP1: No gene passed the filtering.
Error for gene AOC3: No gene passed the filtering.
Error for gene SOST: No gene passed the filtering.
Error for gene TBX21: No gene passed the filtering.
Error for gene NGFR: No gene passed the filtering.
Error for gene SGCA: No gene passed the filtering.
Error for gene COL1A1: No gene passed the filtering.
Error for gene AC004687.1: No gene passed the filtering.
Error for gene AC025048.2: No gene passed the filtering.
Error for gene C17orf82: No gene passed the filtering.
Error for gene AXIN2: No gene passed the filtering.
Error for gene KCNJ2: No gene passed the filtering.
Error for gene FOXJ1: No gene passed the filtering.
Error for gene TNRC6C-AS1: No gene passed the filtering.
Error for gene SECTM1: No gene passed the filtering.
Error for gene AC124283.1: No gene passed the filtering.
Error for gene TYMS: No gene passed the filtering.
Error for gene TMEM200C: No gene passed the filtering.
Error for gene PMAIP1: No gene passed the filtering.
Error for gene SALL3: No gene passed the filtering.
Error for gene AC006273.1: No gene passed the filtering.
Error for gene KLF16: No gene passed the filtering.
Error for gene S1PR4: No gene passed the filtering.
Error for gene CLEC4M: No gene passed the filtering.
Error for gene ZNF177: No gene passed the filtering.
Error for gene S1PR5: No gene passed the filtering.
Error for gene CYP4F2: No gene passed the filtering.
Error for gene BISPR: No gene passed the filtering.
Error for gene ZNF728: No gene passed the filtering.
Error for gene CEBPA: No gene passed the filtering.
Error for gene AC008555.4: No gene passed the filtering.
Error for gene HSPB6: No gene passed the filtering.
Error for gene APLP1: No gene passed the filtering.
Error for gene ERICH4: No gene passed the filtering.
Error for gene BCL3: No gene passed the filtering.
Error for gene APOC2: No gene passed the filtering.
Error for gene GPR4: No gene passed the filtering.
Error for gene HRC: No gene passed the filtering.
Error for gene ASPDH: No gene passed the filtering.
Error for gene KLK7: No gene passed the filtering.
Error for gene CD33: No gene passed the filtering.
Error for gene SIGLEC10: No gene passed the filtering.
Error for gene LILRB2: No gene passed the filtering.
Error for gene LILRA5: No gene passed the filtering.
Error for gene LAIR2: No gene passed the filtering.
Error for gene LILRA2: No gene passed the filtering.
Error for gene LILRA1: No gene passed the filtering.
Error for gene ZFP28: No gene passed the filtering.
Error for gene TCF15: No gene passed the filtering.
Error for gene SIRPB1: No gene passed the filtering.
Error for gene AL121899.1: No gene passed the filtering.
Error for gene OXT: No gene passed the filtering.
Error for gene AVP: No gene passed the filtering.
Error for gene BMP2: No gene passed the filtering.
Error for gene LAMP5: No gene passed the filtering.
Error for gene THBD: No gene passed the filtering.
Error for gene CD93: No gene passed the filtering.
Error for gene AL118508.1: No gene passed the filtering.
Error for gene CST5: No gene passed the filtering.
Error for gene COX4I2: No gene passed the filtering.
Error for gene FOXS1: No gene passed the filtering.
Error for gene TFAP2C: No gene passed the filtering.
Error for gene GATA5: No gene passed the filtering.
Error for gene C20orf204: No gene passed the filtering.
Error for gene TFF3: No gene passed the filtering.
Error for gene TMPRSS3: No gene passed the filtering.
Error for gene AJ011932.1: No gene passed the filtering.
Error for gene CLDN5: No gene passed the filtering.
Error for gene GP1BB: No gene passed the filtering.
Error for gene RGL4: No gene passed the filtering.
Error for gene SUSD2: No gene passed the filtering.
Error for gene LINC02554: No gene passed the filtering.
Error for gene RASL10A: No gene passed the filtering.
Error for gene APOL4: No gene passed the filtering.
Error for gene NCF4: No gene passed the filtering.
Error for gene MAPK12: No gene passed the filtering.
Error for gene MAPK11: No gene passed the filtering.
Error for gene TLR8: No gene passed the filtering.
Error for gene CXorf21: No gene passed the filtering.
Error for gene GPR34: No gene passed the filtering.
Error for gene MIR222HG: No gene passed the filtering.
Error for gene CFP: No gene passed the filtering.
Error for gene WAS: No gene passed the filtering.
Error for gene NUDT10: No gene passed the filtering.
Error for gene AL034397.3: No gene passed the filtering.
Error for gene VSIG4: No gene passed the filtering.
Error for gene IL2RG: No gene passed the filtering.
Error for gene CXCR3: No gene passed the filtering.
Error for gene P2RY10: No gene passed the filtering.
Error for gene GPR174: No gene passed the filtering.
Error for gene TCEAL6: No gene passed the filtering.
Error for gene TMSB15A: No gene passed the filtering.
Error for gene NXF3: No gene passed the filtering.
Error for gene TCEAL7: No gene passed the filtering.
Error for gene RIPPLY1: No gene passed the filtering.
Error for gene IL13RA2: No gene passed the filtering.
Error for gene SH2D1A: No gene passed the filtering.
Error for gene APLN: No gene passed the filtering.
Error for gene SASH3: No gene passed the filtering.
Error for gene SMIM10: No gene passed the filtering.
Error for gene CD40LG: No gene passed the filtering.
Error for gene SLITRK2: No gene passed the filtering.
Error for gene GABRE: No gene passed the filtering.
Error for gene SPRY3: No gene passed the filtering.
Error for gene AL109741.1: No gene passed the filtering.
Error for gene RGS4: No gene passed the filtering.
Error for gene B3GALT2: No gene passed the filtering.
Error for gene CAMK1G: No gene passed the filtering.
Error for gene AC114760.2: No gene passed the filtering.
Error for gene AC025442.2: No gene passed the filtering.
Error for gene AL392089.1: No gene passed the filtering.
Error for gene AP001363.2: No gene passed the filtering.
Error for gene AP003071.4: No gene passed the filtering.
Error for gene MRGPRF: No gene passed the filtering.
Error for gene AC078864.1: No gene passed the filtering.
Error for gene FRY-AS1: No gene passed the filtering.
Error for gene KRT23: No gene passed the filtering.
Error for gene PICART1: No gene passed the filtering.
Error for gene SRPX2: No gene passed the filtering.
Error for gene AC023154.1: No gene passed the filtering.
Error for gene AL035604.1: No gene passed the filtering.
Error for gene AC074024.1: No gene passed the filtering.
Error for gene SLAMF6: No gene passed the filtering.
Error for gene AC092159.2: No gene passed the filtering.
Error for gene LINC02570: No gene passed the filtering.
Error for gene LCNL1: No gene passed the filtering.
Error for gene ADCYAP1: No gene passed the filtering.
Error for gene AC012447.1: No gene passed the filtering.
Error for gene AC104667.1: No gene passed the filtering.
Error for gene AP001021.1: No gene passed the filtering.
Error for gene AC073349.4: No gene passed the filtering.
Error for gene AC008011.2: No gene passed the filtering.
Error for gene AL160286.3: No gene passed the filtering.
Error for gene SRGAP2-AS1: No gene passed the filtering.
Error for gene AL024497.1: No gene passed the filtering.
Error for gene SPDYE2: No gene passed the filtering.
Error for gene MME-AS1: No gene passed the filtering.
Error for gene AC074031.1: No gene passed the filtering.
Error for gene AL136131.2: No gene passed the filtering.

Runtime: 28.11 minutes
10.71% of genes filtered due to low expression or convergence issues
Results uploaded to s3://scrna/Projects/CKD/RH_RH2/Results/nebula/T2D_GLP_N_vs_HC/Schwann/Schwann_rh_rh2_imp_nebula_kpmp_t2d_glpn_hc.rds
Creating run metadata...
Saving run metadata to S3: Projects/CKD/RH_RH2/Results/nebula/T2D_GLP_N_vs_HC/Schwann/Schwann_rh_rh2_imp_nebula_kpmp_t2d_glpn_hc_metadata.csv
[1] FALSE
attr(,"response")
Response [https://s3.kopah.uw.edu/scrna/Projects/CKD/RH_RH2/Results/nebula/T2D_GLP_N_vs_HC/Schwann/Schwann_rh_rh2_imp_nebula_kpmp_t2d_glpn_hc_metadata.csv]
  Date: 2026-01-07 22:16
  Status: 200
  Content-Type: text/csv
<EMPTY BODY>
Adding gene annotations...
Saving results to S3: Projects/CKD/RH_RH2/Results/nebula/T2D_GLP_N_vs_HC/Schwann/Schwann_rh_rh2_imp_nebula_kpmp_t2d_glpn_hc_processed.rds
Analysis complete for T2D_GLP_N_vs_HC - Schwann at 2026-01-07 22:16:20.829196
Job completed at: Wed Jan  7 14:16:21 PST 2026
