Working directory: /mmfs1/gscratch/togo/yejichoi/CHCO-Code/Petter Bjornstad/Renal HEIRitage/nebula_parallel
Config file: /mmfs1/gscratch/togo/yejichoi/CHCO-Code/Petter Bjornstad/Renal HEIRitage/nebula_parallel/config/job_config.txt
Starting job 36: Neither_vs_HC for Immune_Lymphoid (variable: KPMP_celltype_general2)
Job started at: Fri Dec  5 13:41:05 PST 2025
Starting analysis: Neither_vs_HC for cell type: Immune_Lymphoid (using KPMP_celltype_general2) at 2025-12-05 21:41:20.487684
Loading cell type-specific data for Immune_Lymphoid...
Looking for: data_clean/subset/pb90_ckd_analysis/pb90_ckd_analysis_subset_Immune_Lymphoid.rds
List of 4
 $ Code      : chr "NoSuchKey"
 $ BucketName: chr "scrna"
 $ RequestId : chr "tx000006a901cdd8c6f6613-0069335180-335e22b-default"
 $ HostId    : chr "335e22b-default-default"
 - attr(*, "headers")=List of 6
  ..$ date            : chr "Fri, 05 Dec 2025 21:41:20 GMT"
  ..$ server          : chr "Apache/2.4.52 (Ubuntu)"
  ..$ content-length  : chr "218"
  ..$ x-amz-request-id: chr "tx000006a901cdd8c6f6613-0069335180-335e22b-default"
  ..$ accept-ranges   : chr "bytes"
  ..$ content-type    : chr "application/xml"
  ..- attr(*, "class")= chr [1:2] "insensitive" "list"
 - attr(*, "class")= chr "aws_error"
 - attr(*, "request_canonical")= chr "GET\n/scrna/data_clean/subset/pb90_ckd_analysis/pb90_ckd_analysis_subset_Immune_Lymphoid.rds\n\nhost:s3.kopah.u"| __truncated__
 - attr(*, "request_string_to_sign")= chr "AWS4-HMAC-SHA256\n20251205T214120Z\n20251205/us-east-1/s3/aws4_request\n1ab6b024f01ae3163ee4cfb44e87d29e230e34a"| __truncated__
 - attr(*, "request_signature")= chr "AWS4-HMAC-SHA256 Credential=UR9ZLH2V0G61R7MGTNJJ/20251205/us-east-1/s3/aws4_request,SignedHeaders=host;x-amz-co"| __truncated__
NULL
Cell type-specific file not found: data_clean/subset/pb90_ckd_analysis/pb90_ckd_analysis_subset_Immune_Lymphoid.rds
Falling back to loading full dataset and subsetting...
Loaded full dataset with 117859 cells
Subset to Immune_Lymphoid: 3715 cells
             used   (Mb) gc trigger    (Mb)   max used    (Mb)
Ncells   11677920  623.7   17563784   938.1   17563784   938.1
Vcells 1073248259 8188.3 1738180666 13261.3 1397590590 10662.8
Applying subset condition: KPMP_celltype_general2 == 'Immune_Lymphoid' & combo_t2dob %in% c('Neither', 'HC') & !is.na(combo_t2dob)
Sample counts for Immune_Lymphoid:
  combo_t2dob n_samples n_cells
1          HC        12     426
2     Neither        15    1280
Running Neither_vs_HC analysis for Immune_Lymphoid...
