Working directory: /mmfs1/gscratch/togo/yejichoi/CHCO-Code/Petter Bjornstad/Renal HEIRitage/nebula_parallel
Config file: /mmfs1/gscratch/togo/yejichoi/CHCO-Code/Petter Bjornstad/Renal HEIRitage/nebula_parallel/config/job_config.txt
Starting job 86: SGLT2i_only_vs_HC for Immune_Lymphoid (variable: KPMP_celltype_general2)
Job started at: Fri Dec  5 16:53:19 PST 2025
Starting analysis: SGLT2i_only_vs_HC for cell type: Immune_Lymphoid (using KPMP_celltype_general2) at 2025-12-06 00:53:30.839881
Loading cell type-specific data for Immune_Lymphoid...
Looking for: data_clean/subset/pb90_ckd_analysis/pb90_ckd_analysis_subset_Immune_Lymphoid.rds
List of 4
 $ Code      : chr "NoSuchKey"
 $ BucketName: chr "scrna"
 $ RequestId : chr "tx00000bfcec0963e5380f0-0069337e8a-3363a6b-default"
 $ HostId    : chr "3363a6b-default-default"
 - attr(*, "headers")=List of 6
  ..$ date            : chr "Sat, 06 Dec 2025 00:53:30 GMT"
  ..$ server          : chr "Apache/2.4.52 (Ubuntu)"
  ..$ content-length  : chr "218"
  ..$ x-amz-request-id: chr "tx00000bfcec0963e5380f0-0069337e8a-3363a6b-default"
  ..$ accept-ranges   : chr "bytes"
  ..$ content-type    : chr "application/xml"
  ..- attr(*, "class")= chr [1:2] "insensitive" "list"
 - attr(*, "class")= chr "aws_error"
 - attr(*, "request_canonical")= chr "GET\n/scrna/data_clean/subset/pb90_ckd_analysis/pb90_ckd_analysis_subset_Immune_Lymphoid.rds\n\nhost:s3.kopah.u"| __truncated__
 - attr(*, "request_string_to_sign")= chr "AWS4-HMAC-SHA256\n20251206T005330Z\n20251206/us-east-1/s3/aws4_request\nbf307adb93eeec62070358403bfb570bb02c2ef"| __truncated__
 - attr(*, "request_signature")= chr "AWS4-HMAC-SHA256 Credential=UR9ZLH2V0G61R7MGTNJJ/20251206/us-east-1/s3/aws4_request,SignedHeaders=host;x-amz-co"| __truncated__
NULL
Cell type-specific file not found: data_clean/subset/pb90_ckd_analysis/pb90_ckd_analysis_subset_Immune_Lymphoid.rds
Falling back to loading full dataset and subsetting...
Loaded full dataset with 117859 cells
Subset to Immune_Lymphoid: 3715 cells
Job completed at: Fri Dec  5 16:56:15 PST 2025
