[2025-08-28 21:32:17] [INFO]    [OmnipathR] Welcome to OmnipathR!
[2025-08-28 21:32:17] [INFO]    [OmnipathR] OmnipathR version: 3.14.0
[2025-08-28 21:32:17] [TRACE]   [OmnipathR] Reading JSON from `/mmfs1/home/yejichoi/.cache/OmnipathR/cache.json` (encoding: UTF-8).
[2025-08-28 21:32:17] [TRACE]   [OmnipathR] JSON validation successful: TRUE
[2025-08-28 21:32:17] [INFO]    [OmnipathR] Initialized cache: `/mmfs1/home/yejichoi/.cache/OmnipathR`.
[2025-08-28 21:32:18] [TRACE]   [OmnipathR] Reading JSON from `/usr/local/lib/R/site-library/OmnipathR/db/db_def.json` (encoding: UTF-8).
[2025-08-28 21:32:18] [TRACE]   [OmnipathR] JSON validation successful: TRUE
[2025-08-28 21:32:18] [TRACE]   [OmnipathR] Reading JSON from `/usr/local/lib/R/site-library/OmnipathR/internal/magic_bytes.json` (encoding: UTF-8).
[2025-08-28 21:32:18] [TRACE]   [OmnipathR] JSON validation successful: TRUE
[2025-08-28 21:32:18] [TRACE]   [OmnipathR] Reading JSON from `/usr/local/lib/R/site-library/OmnipathR/internal/urls.json` (encoding: UTF-8).
[2025-08-28 21:32:18] [TRACE]   [OmnipathR] JSON validation successful: TRUE
[2025-08-28 21:32:18] [TRACE]   [OmnipathR] Reading JSON from `/usr/local/lib/R/site-library/OmnipathR/internal/id_types.json` (encoding: UTF-8).
[2025-08-28 21:32:18] [TRACE]   [OmnipathR] JSON validation successful: TRUE
[2025-08-28 21:32:52] [INFO]    [OmnipathR] Welcome to OmnipathR!
[2025-08-28 21:32:52] [INFO]    [OmnipathR] OmnipathR version: 3.14.0
[2025-08-28 21:32:52] [TRACE]   [OmnipathR] Reading JSON from `/mmfs1/home/yejichoi/.cache/OmnipathR/cache.json` (encoding: UTF-8).
[2025-08-28 21:32:52] [TRACE]   [OmnipathR] JSON validation successful: TRUE
[2025-08-28 21:32:52] [INFO]    [OmnipathR] Initialized cache: `/mmfs1/home/yejichoi/.cache/OmnipathR`.
[2025-08-28 21:32:52] [TRACE]   [OmnipathR] Reading JSON from `/usr/local/lib/R/site-library/OmnipathR/db/db_def.json` (encoding: UTF-8).
[2025-08-28 21:32:52] [TRACE]   [OmnipathR] JSON validation successful: TRUE
[2025-08-28 21:32:52] [TRACE]   [OmnipathR] Reading JSON from `/usr/local/lib/R/site-library/OmnipathR/internal/magic_bytes.json` (encoding: UTF-8).
[2025-08-28 21:32:52] [TRACE]   [OmnipathR] JSON validation successful: TRUE
[2025-08-28 21:32:52] [TRACE]   [OmnipathR] Reading JSON from `/usr/local/lib/R/site-library/OmnipathR/internal/urls.json` (encoding: UTF-8).
[2025-08-28 21:32:52] [TRACE]   [OmnipathR] JSON validation successful: TRUE
[2025-08-28 21:32:52] [TRACE]   [OmnipathR] Reading JSON from `/usr/local/lib/R/site-library/OmnipathR/internal/id_types.json` (encoding: UTF-8).
[2025-08-28 21:32:52] [TRACE]   [OmnipathR] JSON validation successful: TRUE
