S3 configured for user 'yejichoi'
── [00] Loading Seurat object from S3 (bucket: attempt) ──
  Loaded: 8672 genes x 214415 cells
── [00] Subsetting to cell type: PT ──
── [00] Identifying top HVGs ──
  Selected 2000 HVGs
  hvg_genes.rds saved to S3
── [00] Building SingleCellExperiment ──
Warning message:
The `slot` argument of `GetAssayData()` is deprecated as of SeuratObject 5.0.0.
ℹ Please use the `layer` argument instead. 
  sce_ref.rds saved to S3
── [00] Computing empirical effect size distribution ──
  effect_size_summary.rds saved to S3
  Effect size summary:
── [00] Fitting scDesign3 reference model (this may take a while) ──
Input Data Construction Start
Input Data Construction End
Start Marginal Fitting
Error in names(answer) <- dots[[1L]] : 
  'names' attribute [2000] must be the same length as the vector [562]
Calls: scdesign3 ... suppressMessages -> withCallingHandlers -> paraFunc
In addition: Warning message:
In mclapply(seq_len(n), do_one, mc.preschedule = mc.preschedule,  :
  scheduled cores 1, 2, 4, 6, 8, 9, 10, 11, 12, 13, 14, 15, 17, 19, 20, 21, 22, 23, 26, 27, 28, 29, 32 did not deliver results, all values of the jobs will be affected
Execution halted
[2026-02-19T22:58:16.969] error: Detected 23 oom_kill events in StepId=33300321.batch. Some of the step tasks have been OOM Killed.
