S3 configured for user 'yejichoi'
── [00] Loading Seurat object from S3 (bucket: attempt) ──
  Loaded: 8672 genes x 214415 cells
── [00] Subsetting to cell type: PT ──
── [00] Identifying top HVGs ──
  Selected 2000 HVGs
  hvg_genes.rds saved to S3
── [00] Building SingleCellExperiment ──
Warning message:
The `slot` argument of `GetAssayData()` is deprecated as of SeuratObject 5.0.0.
ℹ Please use the `layer` argument instead. 
  sce_ref.rds saved to S3
── [00] Computing empirical effect size distribution ──
  effect_size_summary.rds saved to S3
  Effect size summary:
── [00] Fitting scDesign3 reference model (this may take a while) ──
Input Data Construction Start
Input Data Construction End
Start Marginal Fitting
Marginal Fitting End
Start Copula Fitting
Convert Residuals to Multivariate Gaussian
Converting End
Copula group 30001 starts
Copula group 30013 starts
Copula group 30051 starts
Copula group 30020 starts
Copula group 30132 starts
Copula group 30184 starts
Copula group 30058 starts
Copula group 30073 starts
Copula group 30191 starts
Copula group 30098 starts
Copula group 30245 starts
Copula group 30230 starts
Copula group 30403 starts
Copula group 30472 starts
Copula group 30193 starts
Copula group 30173 starts
Copula Fitting End
Start Parameter Extraction
Parameter
Extraction End
Start Generate New Data
Use Copula to sample a multivariate quantile matrix
Sample Copula group 30001 starts
Error in copula_list[[x]] : subscript out of bounds
Calls: scdesign3 -> simu_new -> lapply -> FUN
Execution halted
