INFO [2025-06-14 12:57:15] $x
INFO [2025-06-14 12:57:15] gene_lists
INFO [2025-06-14 12:57:15] 
INFO [2025-06-14 12:57:15] $category.names
INFO [2025-06-14 12:57:15] names(gene_lists)
INFO [2025-06-14 12:57:15] 
INFO [2025-06-14 12:57:15] $filename
INFO [2025-06-14 12:57:15] filename
INFO [2025-06-14 12:57:15] 
INFO [2025-06-14 12:57:15] $output
INFO [2025-06-14 12:57:15] [1] TRUE
INFO [2025-06-14 12:57:15] 
INFO [2025-06-14 12:57:15] $fill
INFO [2025-06-14 12:57:15] rainbow(length(gene_lists))
INFO [2025-06-14 12:57:15] 
INFO [2025-06-14 12:57:15] $alpha
INFO [2025-06-14 12:57:15] [1] 0.5
INFO [2025-06-14 12:57:15] 
INFO [2025-06-14 12:57:15] $margin
INFO [2025-06-14 12:57:15] [1] 0.1
INFO [2025-06-14 12:57:15] 
INFO [2025-06-14 12:57:15] $resolution
INFO [2025-06-14 12:57:15] [1] 300
INFO [2025-06-14 12:57:15] 
INFO [2025-06-14 12:57:15] $compression
INFO [2025-06-14 12:57:15] [1] "lzw"
INFO [2025-06-14 12:57:15] 
