Working directory: /mmfs1/gscratch/togo/yejichoi/CHCO-Code/Petter Bjornstad/scRNA simulation analysis
Script: /mmfs1/gscratch/togo/yejichoi/CHCO-Code/Petter Bjornstad/scRNA simulation analysis/R/01_parameter_grid.R
Job started at: Thu Feb 19 22:50:32 PST 2026
[1] FALSE
attr(,"response")
Response [https://s3.kopah.uw.edu/scrna/Projects/Paired%20scRNA%20simulation%20analysis/results/param_grid/param_grid.csv]
  Date: 2026-02-20 06:51
  Status: 200
  Content-Type: text/csv
<EMPTY BODY>
  prop_de effect_size_label indiv_var_label cells_label corr_cells corr_time
1    0.00               med              no         low        0.1       0.7
2    0.05               med              no         low        0.1       0.7
3    0.15               med              no         low        0.1       0.7
  interaction_label n_subjects_per_arm sim_rep effect_size indiv_var_factor
1               med                  5       1  0.03188987                1
2               med                  5       1  0.03188987                1
3               med                  5       1  0.03188987                1
  cells_mean cells_sd interaction_multiplier interaction_lfc
1        500      150                    0.5      0.01594493
2        500      150                    0.5      0.01594493
3        500      150                    0.5      0.01594493
                                    scenario_id array_id
1 pde0.00_es_med_iv_no_nc_low_cc0.1_int_med_n05        1
2 pde0.05_es_med_iv_no_nc_low_cc0.1_int_med_n05        2
3 pde0.15_es_med_iv_no_nc_low_cc0.1_int_med_n05        3
Step 01 done: Thu Feb 19 22:51:16 PST 2026
